[0.119s] Invoking command in '/home/lyraglow/Projects/BikeDigitalTwin/build/user_defined_interfaces': CMAKE_PREFIX_PATH=${CMAKE_PREFIX_PATH}:/home/lyraglow/Projects/BikeDigitalTwin/install/math_model:/opt/ros/lyrical /usr/bin/cmake --build /home/lyraglow/Projects/BikeDigitalTwin/build/user_defined_interfaces -- -j32 -l32
[0.149s] [  5%] Built target user_defined_interfaces__rosidl_generator_type_description
[0.149s] [  5%] Built target user_defined_interfaces__rs
[0.161s] [  8%] Built target user_defined_interfaces__cpp
[0.161s] [ 22%] Built target user_defined_interfaces__rosidl_generator_c
[0.175s] [ 31%] Built target user_defined_interfaces__rosidl_typesupport_introspection_c
[0.175s] [ 40%] Built target user_defined_interfaces__rosidl_typesupport_introspection_cpp
[0.175s] [ 48%] Built target user_defined_interfaces__rosidl_typesupport_fastrtps_c
[0.176s] [ 57%] Built target user_defined_interfaces__rosidl_typesupport_c
[0.177s] [ 68%] Built target user_defined_interfaces__rosidl_typesupport_fastrtps_cpp
[0.177s] [ 74%] Built target user_defined_interfaces__rosidl_typesupport_cpp
[0.188s] [ 74%] Built target user_defined_interfaces
[0.198s] [ 77%] Built target user_defined_interfaces__py
[0.211s] [ 82%] Built target user_defined_interfaces__rosidl_generator_py
[0.214s] [ 82%] Built target ament_cmake_python_sync_user_defined_interfaces
[0.224s] [ 88%] Built target user_defined_interfaces_s__rosidl_typesupport_fastrtps_c
[0.224s] [ 94%] Built target user_defined_interfaces_s__rosidl_typesupport_introspection_c
[0.224s] [100%] Built target user_defined_interfaces_s__rosidl_typesupport_c
[0.334s] running egg_info
[0.344s] writing user_defined_interfaces.egg-info/PKG-INFO
[0.344s] writing dependency_links to user_defined_interfaces.egg-info/dependency_links.txt
[0.345s] writing top-level names to user_defined_interfaces.egg-info/top_level.txt
[0.377s] reading manifest file 'user_defined_interfaces.egg-info/SOURCES.txt'
[0.378s] writing manifest file 'user_defined_interfaces.egg-info/SOURCES.txt'
[0.399s] [100%] Built target ament_cmake_python_build_user_defined_interfaces_egg
[0.406s] Invoked command in '/home/lyraglow/Projects/BikeDigitalTwin/build/user_defined_interfaces' returned '0': CMAKE_PREFIX_PATH=${CMAKE_PREFIX_PATH}:/home/lyraglow/Projects/BikeDigitalTwin/install/math_model:/opt/ros/lyrical /usr/bin/cmake --build /home/lyraglow/Projects/BikeDigitalTwin/build/user_defined_interfaces -- -j32 -l32
[0.413s] Invoking command in '/home/lyraglow/Projects/BikeDigitalTwin/build/user_defined_interfaces': CMAKE_PREFIX_PATH=${CMAKE_PREFIX_PATH}:/home/lyraglow/Projects/BikeDigitalTwin/install/math_model:/opt/ros/lyrical /usr/bin/cmake --install /home/lyraglow/Projects/BikeDigitalTwin/build/user_defined_interfaces
[0.418s] -- Install configuration: ""
[0.419s] -- Up-to-date: /home/lyraglow/Projects/BikeDigitalTwin/install/user_defined_interfaces/share/ament_index/resource_index/rosidl_interfaces/user_defined_interfaces
[0.419s] -- Up-to-date: /home/lyraglow/Projects/BikeDigitalTwin/install/user_defined_interfaces/share/user_defined_interfaces/msg/DigitalState.json
[0.419s] -- Up-to-date: /home/lyraglow/Projects/BikeDigitalTwin/install/user_defined_interfaces/include/user_defined_interfaces/user_defined_interfaces
[0.419s] -- Up-to-date: /home/lyraglow/Projects/BikeDigitalTwin/install/user_defined_interfaces/include/user_defined_interfaces/user_defined_interfaces/msg
[0.419s] -- Up-to-date: /home/lyraglow/Projects/BikeDigitalTwin/install/user_defined_interfaces/include/user_defined_interfaces/user_defined_interfaces/msg/digital_state.h
[0.419s] -- Up-to-date: /home/lyraglow/Projects/BikeDigitalTwin/install/user_defined_interfaces/include/user_defined_interfaces/user_defined_interfaces/msg/rosidl_generator_c__visibility_control.h
[0.419s] -- Up-to-date: /home/lyraglow/Projects/BikeDigitalTwin/install/user_defined_interfaces/include/user_defined_interfaces/user_defined_interfaces/msg/detail
[0.419s] -- Up-to-date: /home/lyraglow/Projects/BikeDigitalTwin/install/user_defined_interfaces/include/user_defined_interfaces/user_defined_interfaces/msg/detail/digital_state__type_support.h
[0.419s] -- Up-to-date: /home/lyraglow/Projects/BikeDigitalTwin/install/user_defined_interfaces/include/user_defined_interfaces/user_defined_interfaces/msg/detail/digital_state__description.c
[0.420s] -- Up-to-date: /home/lyraglow/Projects/BikeDigitalTwin/install/user_defined_interfaces/include/user_defined_interfaces/user_defined_interfaces/msg/detail/digital_state__type_support.c
[0.420s] -- Up-to-date: /home/lyraglow/Projects/BikeDigitalTwin/install/user_defined_interfaces/include/user_defined_interfaces/user_defined_interfaces/msg/detail/digital_state__struct.h
[0.420s] -- Up-to-date: /home/lyraglow/Projects/BikeDigitalTwin/install/user_defined_interfaces/include/user_defined_interfaces/user_defined_interfaces/msg/detail/digital_state__functions.c
[0.420s] -- Up-to-date: /home/lyraglow/Projects/BikeDigitalTwin/install/user_defined_interfaces/include/user_defined_interfaces/user_defined_interfaces/msg/detail/digital_state__functions.h
[0.420s] -- Up-to-date: /home/lyraglow/Projects/BikeDigitalTwin/install/user_defined_interfaces/share/user_defined_interfaces/environment/library_path.sh
[0.420s] -- Up-to-date: /home/lyraglow/Projects/BikeDigitalTwin/install/user_defined_interfaces/share/user_defined_interfaces/environment/library_path.dsv
[0.420s] -- Up-to-date: /home/lyraglow/Projects/BikeDigitalTwin/install/user_defined_interfaces/lib/libuser_defined_interfaces__rosidl_generator_c.so
[0.420s] -- Up-to-date: /home/lyraglow/Projects/BikeDigitalTwin/install/user_defined_interfaces/include/user_defined_interfaces/user_defined_interfaces
[0.420s] -- Up-to-date: /home/lyraglow/Projects/BikeDigitalTwin/install/user_defined_interfaces/include/user_defined_interfaces/user_defined_interfaces/msg
[0.421s] -- Up-to-date: /home/lyraglow/Projects/BikeDigitalTwin/install/user_defined_interfaces/include/user_defined_interfaces/user_defined_interfaces/msg/rosidl_typesupport_fastrtps_c__visibility_control.h
[0.421s] -- Up-to-date: /home/lyraglow/Projects/BikeDigitalTwin/install/user_defined_interfaces/include/user_defined_interfaces/user_defined_interfaces/msg/detail
[0.421s] -- Up-to-date: /home/lyraglow/Projects/BikeDigitalTwin/install/user_defined_interfaces/include/user_defined_interfaces/user_defined_interfaces/msg/detail/digital_state__rosidl_typesupport_fastrtps_c.h
[0.421s] -- Up-to-date: /home/lyraglow/Projects/BikeDigitalTwin/install/user_defined_interfaces/lib/libuser_defined_interfaces__rosidl_typesupport_fastrtps_c.so
[0.421s] -- Up-to-date: /home/lyraglow/Projects/BikeDigitalTwin/install/user_defined_interfaces/include/user_defined_interfaces/user_defined_interfaces
[0.421s] -- Up-to-date: /home/lyraglow/Projects/BikeDigitalTwin/install/user_defined_interfaces/include/user_defined_interfaces/user_defined_interfaces/msg
[0.421s] -- Up-to-date: /home/lyraglow/Projects/BikeDigitalTwin/install/user_defined_interfaces/include/user_defined_interfaces/user_defined_interfaces/msg/rosidl_typesupport_introspection_c__visibility_control.h
[0.421s] -- Up-to-date: /home/lyraglow/Projects/BikeDigitalTwin/install/user_defined_interfaces/include/user_defined_interfaces/user_defined_interfaces/msg/detail
[0.421s] -- Up-to-date: /home/lyraglow/Projects/BikeDigitalTwin/install/user_defined_interfaces/include/user_defined_interfaces/user_defined_interfaces/msg/detail/digital_state__type_support.c
[0.421s] -- Up-to-date: /home/lyraglow/Projects/BikeDigitalTwin/install/user_defined_interfaces/include/user_defined_interfaces/user_defined_interfaces/msg/detail/digital_state__rosidl_typesupport_introspection_c.h
[0.421s] -- Up-to-date: /home/lyraglow/Projects/BikeDigitalTwin/install/user_defined_interfaces/lib/libuser_defined_interfaces__rosidl_typesupport_introspection_c.so
[0.421s] -- Up-to-date: /home/lyraglow/Projects/BikeDigitalTwin/install/user_defined_interfaces/lib/libuser_defined_interfaces__rosidl_typesupport_c.so
[0.421s] -- Up-to-date: /home/lyraglow/Projects/BikeDigitalTwin/install/user_defined_interfaces/include/user_defined_interfaces/user_defined_interfaces
[0.422s] -- Up-to-date: /home/lyraglow/Projects/BikeDigitalTwin/install/user_defined_interfaces/include/user_defined_interfaces/user_defined_interfaces/msg
[0.422s] -- Up-to-date: /home/lyraglow/Projects/BikeDigitalTwin/install/user_defined_interfaces/include/user_defined_interfaces/user_defined_interfaces/msg/digital_state.hpp
[0.422s] -- Up-to-date: /home/lyraglow/Projects/BikeDigitalTwin/install/user_defined_interfaces/include/user_defined_interfaces/user_defined_interfaces/msg/rosidl_generator_cpp__visibility_control.hpp
[0.422s] -- Up-to-date: /home/lyraglow/Projects/BikeDigitalTwin/install/user_defined_interfaces/include/user_defined_interfaces/user_defined_interfaces/msg/detail
[0.422s] -- Up-to-date: /home/lyraglow/Projects/BikeDigitalTwin/install/user_defined_interfaces/include/user_defined_interfaces/user_defined_interfaces/msg/detail/digital_state__builder.hpp
[0.422s] -- Up-to-date: /home/lyraglow/Projects/BikeDigitalTwin/install/user_defined_interfaces/include/user_defined_interfaces/user_defined_interfaces/msg/detail/digital_state__traits.hpp
[0.422s] -- Up-to-date: /home/lyraglow/Projects/BikeDigitalTwin/install/user_defined_interfaces/include/user_defined_interfaces/user_defined_interfaces/msg/detail/digital_state__struct.hpp
[0.422s] -- Up-to-date: /home/lyraglow/Projects/BikeDigitalTwin/install/user_defined_interfaces/include/user_defined_interfaces/user_defined_interfaces/msg/detail/digital_state__type_support.hpp
[0.422s] -- Up-to-date: /home/lyraglow/Projects/BikeDigitalTwin/install/user_defined_interfaces/include/user_defined_interfaces/user_defined_interfaces
[0.422s] -- Up-to-date: /home/lyraglow/Projects/BikeDigitalTwin/install/user_defined_interfaces/include/user_defined_interfaces/user_defined_interfaces/msg
[0.422s] -- Up-to-date: /home/lyraglow/Projects/BikeDigitalTwin/install/user_defined_interfaces/include/user_defined_interfaces/user_defined_interfaces/msg/rosidl_typesupport_fastrtps_cpp__visibility_control.h
[0.422s] -- Up-to-date: /home/lyraglow/Projects/BikeDigitalTwin/install/user_defined_interfaces/include/user_defined_interfaces/user_defined_interfaces/msg/detail
[0.422s] -- Up-to-date: /home/lyraglow/Projects/BikeDigitalTwin/install/user_defined_interfaces/include/user_defined_interfaces/user_defined_interfaces/msg/detail/digital_state__rosidl_typesupport_fastrtps_cpp.hpp
[0.422s] -- Up-to-date: /home/lyraglow/Projects/BikeDigitalTwin/install/user_defined_interfaces/include/user_defined_interfaces/user_defined_interfaces/msg/detail/dds_fastrtps
[0.422s] -- Up-to-date: /home/lyraglow/Projects/BikeDigitalTwin/install/user_defined_interfaces/lib/libuser_defined_interfaces__rosidl_typesupport_fastrtps_cpp.so
[0.422s] -- Up-to-date: /home/lyraglow/Projects/BikeDigitalTwin/install/user_defined_interfaces/include/user_defined_interfaces/user_defined_interfaces
[0.422s] -- Up-to-date: /home/lyraglow/Projects/BikeDigitalTwin/install/user_defined_interfaces/include/user_defined_interfaces/user_defined_interfaces/msg
[0.422s] -- Up-to-date: /home/lyraglow/Projects/BikeDigitalTwin/install/user_defined_interfaces/include/user_defined_interfaces/user_defined_interfaces/msg/detail
[0.422s] -- Up-to-date: /home/lyraglow/Projects/BikeDigitalTwin/install/user_defined_interfaces/include/user_defined_interfaces/user_defined_interfaces/msg/detail/digital_state__type_support.cpp
[0.422s] -- Up-to-date: /home/lyraglow/Projects/BikeDigitalTwin/install/user_defined_interfaces/include/user_defined_interfaces/user_defined_interfaces/msg/detail/digital_state__rosidl_typesupport_introspection_cpp.hpp
[0.423s] -- Up-to-date: /home/lyraglow/Projects/BikeDigitalTwin/install/user_defined_interfaces/lib/libuser_defined_interfaces__rosidl_typesupport_introspection_cpp.so
[0.423s] -- Up-to-date: /home/lyraglow/Projects/BikeDigitalTwin/install/user_defined_interfaces/lib/libuser_defined_interfaces__rosidl_typesupport_cpp.so
[0.423s] -- Up-to-date: /home/lyraglow/Projects/BikeDigitalTwin/install/user_defined_interfaces/share/user_defined_interfaces/environment/pythonpath.sh
[0.423s] -- Up-to-date: /home/lyraglow/Projects/BikeDigitalTwin/install/user_defined_interfaces/share/user_defined_interfaces/environment/pythonpath.dsv
[0.423s] -- Up-to-date: /home/lyraglow/Projects/BikeDigitalTwin/install/user_defined_interfaces/lib/python3.14/site-packages/user_defined_interfaces/user_defined_interfaces_s__rosidl_typesupport_fastrtps_c.so
[0.423s] -- Up-to-date: /home/lyraglow/Projects/BikeDigitalTwin/install/user_defined_interfaces/lib/python3.14/site-packages/user_defined_interfaces/user_defined_interfaces_s__rosidl_typesupport_introspection_c.so
[0.423s] -- Up-to-date: /home/lyraglow/Projects/BikeDigitalTwin/install/user_defined_interfaces/lib/python3.14/site-packages/user_defined_interfaces/user_defined_interfaces_s__rosidl_typesupport_c.so
[0.423s] -- Up-to-date: /home/lyraglow/Projects/BikeDigitalTwin/install/user_defined_interfaces/lib/libuser_defined_interfaces__rosidl_generator_py.so
[0.424s] -- Up-to-date: /home/lyraglow/Projects/BikeDigitalTwin/install/user_defined_interfaces/share/ament_index/resource_index/rust_packages/user_defined_interfaces
[0.424s] -- Up-to-date: /home/lyraglow/Projects/BikeDigitalTwin/install/user_defined_interfaces/share/user_defined_interfaces/rust
[0.424s] -- Up-to-date: /home/lyraglow/Projects/BikeDigitalTwin/install/user_defined_interfaces/share/user_defined_interfaces/rust/src
[0.424s] -- Up-to-date: /home/lyraglow/Projects/BikeDigitalTwin/install/user_defined_interfaces/share/user_defined_interfaces/rust/src/msg
[0.424s] -- Up-to-date: /home/lyraglow/Projects/BikeDigitalTwin/install/user_defined_interfaces/share/user_defined_interfaces/rust/src/msg/rmw.rs
[0.424s] -- Up-to-date: /home/lyraglow/Projects/BikeDigitalTwin/install/user_defined_interfaces/share/user_defined_interfaces/rust/src/msg.rs
[0.424s] -- Up-to-date: /home/lyraglow/Projects/BikeDigitalTwin/install/user_defined_interfaces/share/user_defined_interfaces/rust/src/lib.rs
[0.424s] -- Up-to-date: /home/lyraglow/Projects/BikeDigitalTwin/install/user_defined_interfaces/share/user_defined_interfaces/rust/build.rs
[0.424s] -- Up-to-date: /home/lyraglow/Projects/BikeDigitalTwin/install/user_defined_interfaces/share/user_defined_interfaces/rust/Cargo.toml
[0.424s] -- Up-to-date: /home/lyraglow/Projects/BikeDigitalTwin/install/user_defined_interfaces/share/user_defined_interfaces/msg/DigitalState.idl
[0.424s] -- Up-to-date: /home/lyraglow/Projects/BikeDigitalTwin/install/user_defined_interfaces/share/user_defined_interfaces/msg/DigitalState.msg
[0.424s] -- Up-to-date: /home/lyraglow/Projects/BikeDigitalTwin/install/user_defined_interfaces/share/ament_index/resource_index/package_run_dependencies/user_defined_interfaces
[0.425s] -- Up-to-date: /home/lyraglow/Projects/BikeDigitalTwin/install/user_defined_interfaces/share/ament_index/resource_index/parent_prefix_path/user_defined_interfaces
[0.425s] -- Up-to-date: /home/lyraglow/Projects/BikeDigitalTwin/install/user_defined_interfaces/share/user_defined_interfaces/environment/ament_prefix_path.sh
[0.425s] -- Up-to-date: /home/lyraglow/Projects/BikeDigitalTwin/install/user_defined_interfaces/share/user_defined_interfaces/environment/ament_prefix_path.dsv
[0.425s] -- Up-to-date: /home/lyraglow/Projects/BikeDigitalTwin/install/user_defined_interfaces/share/user_defined_interfaces/environment/path.sh
[0.425s] -- Up-to-date: /home/lyraglow/Projects/BikeDigitalTwin/install/user_defined_interfaces/share/user_defined_interfaces/environment/path.dsv
[0.425s] -- Up-to-date: /home/lyraglow/Projects/BikeDigitalTwin/install/user_defined_interfaces/share/user_defined_interfaces/local_setup.bash
[0.425s] -- Up-to-date: /home/lyraglow/Projects/BikeDigitalTwin/install/user_defined_interfaces/share/user_defined_interfaces/local_setup.fish
[0.425s] -- Up-to-date: /home/lyraglow/Projects/BikeDigitalTwin/install/user_defined_interfaces/share/user_defined_interfaces/local_setup.sh
[0.425s] -- Up-to-date: /home/lyraglow/Projects/BikeDigitalTwin/install/user_defined_interfaces/share/user_defined_interfaces/local_setup.zsh
[0.425s] -- Up-to-date: /home/lyraglow/Projects/BikeDigitalTwin/install/user_defined_interfaces/share/user_defined_interfaces/local_setup.dsv
[0.425s] -- Installing: /home/lyraglow/Projects/BikeDigitalTwin/install/user_defined_interfaces/share/user_defined_interfaces/package.dsv
[0.425s] -- Up-to-date: /home/lyraglow/Projects/BikeDigitalTwin/install/user_defined_interfaces/share/ament_index/resource_index/packages/user_defined_interfaces
[0.425s] -- Up-to-date: /home/lyraglow/Projects/BikeDigitalTwin/install/user_defined_interfaces/share/user_defined_interfaces/cmake/export_user_defined_interfaces__rosidl_generator_cExport.cmake
[0.425s] -- Up-to-date: /home/lyraglow/Projects/BikeDigitalTwin/install/user_defined_interfaces/share/user_defined_interfaces/cmake/export_user_defined_interfaces__rosidl_generator_cExport-noconfig.cmake
[0.425s] -- Up-to-date: /home/lyraglow/Projects/BikeDigitalTwin/install/user_defined_interfaces/share/user_defined_interfaces/cmake/export_user_defined_interfaces__rosidl_typesupport_fastrtps_cExport.cmake
[0.425s] -- Up-to-date: /home/lyraglow/Projects/BikeDigitalTwin/install/user_defined_interfaces/share/user_defined_interfaces/cmake/export_user_defined_interfaces__rosidl_typesupport_fastrtps_cExport-noconfig.cmake
[0.425s] -- Up-to-date: /home/lyraglow/Projects/BikeDigitalTwin/install/user_defined_interfaces/share/user_defined_interfaces/cmake/user_defined_interfaces__rosidl_typesupport_introspection_cExport.cmake
[0.425s] -- Up-to-date: /home/lyraglow/Projects/BikeDigitalTwin/install/user_defined_interfaces/share/user_defined_interfaces/cmake/user_defined_interfaces__rosidl_typesupport_introspection_cExport-noconfig.cmake
[0.425s] -- Up-to-date: /home/lyraglow/Projects/BikeDigitalTwin/install/user_defined_interfaces/share/user_defined_interfaces/cmake/user_defined_interfaces__rosidl_typesupport_cExport.cmake
[0.425s] -- Up-to-date: /home/lyraglow/Projects/BikeDigitalTwin/install/user_defined_interfaces/share/user_defined_interfaces/cmake/user_defined_interfaces__rosidl_typesupport_cExport-noconfig.cmake
[0.425s] -- Up-to-date: /home/lyraglow/Projects/BikeDigitalTwin/install/user_defined_interfaces/share/user_defined_interfaces/cmake/export_user_defined_interfaces__rosidl_generator_cppExport.cmake
[0.425s] -- Up-to-date: /home/lyraglow/Projects/BikeDigitalTwin/install/user_defined_interfaces/share/user_defined_interfaces/cmake/export_user_defined_interfaces__rosidl_typesupport_fastrtps_cppExport.cmake
[0.425s] -- Up-to-date: /home/lyraglow/Projects/BikeDigitalTwin/install/user_defined_interfaces/share/user_defined_interfaces/cmake/export_user_defined_interfaces__rosidl_typesupport_fastrtps_cppExport-noconfig.cmake
[0.425s] -- Up-to-date: /home/lyraglow/Projects/BikeDigitalTwin/install/user_defined_interfaces/share/user_defined_interfaces/cmake/user_defined_interfaces__rosidl_typesupport_introspection_cppExport.cmake
[0.425s] -- Up-to-date: /home/lyraglow/Projects/BikeDigitalTwin/install/user_defined_interfaces/share/user_defined_interfaces/cmake/user_defined_interfaces__rosidl_typesupport_introspection_cppExport-noconfig.cmake
[0.425s] -- Up-to-date: /home/lyraglow/Projects/BikeDigitalTwin/install/user_defined_interfaces/share/user_defined_interfaces/cmake/user_defined_interfaces__rosidl_typesupport_cppExport.cmake
[0.425s] -- Up-to-date: /home/lyraglow/Projects/BikeDigitalTwin/install/user_defined_interfaces/share/user_defined_interfaces/cmake/user_defined_interfaces__rosidl_typesupport_cppExport-noconfig.cmake
[0.426s] -- Up-to-date: /home/lyraglow/Projects/BikeDigitalTwin/install/user_defined_interfaces/share/user_defined_interfaces/cmake/export_user_defined_interfaces__rosidl_generator_pyExport.cmake
[0.426s] -- Up-to-date: /home/lyraglow/Projects/BikeDigitalTwin/install/user_defined_interfaces/share/user_defined_interfaces/cmake/export_user_defined_interfaces__rosidl_generator_pyExport-noconfig.cmake
[0.426s] -- Up-to-date: /home/lyraglow/Projects/BikeDigitalTwin/install/user_defined_interfaces/lib/python3.14/site-packages/user_defined_interfaces-0.0.0-py3.14.egg-info
[0.426s] -- Installing: /home/lyraglow/Projects/BikeDigitalTwin/install/user_defined_interfaces/lib/python3.14/site-packages/user_defined_interfaces-0.0.0-py3.14.egg-info/SOURCES.txt
[0.426s] -- Installing: /home/lyraglow/Projects/BikeDigitalTwin/install/user_defined_interfaces/lib/python3.14/site-packages/user_defined_interfaces-0.0.0-py3.14.egg-info/dependency_links.txt
[0.426s] -- Installing: /home/lyraglow/Projects/BikeDigitalTwin/install/user_defined_interfaces/lib/python3.14/site-packages/user_defined_interfaces-0.0.0-py3.14.egg-info/PKG-INFO
[0.426s] -- Installing: /home/lyraglow/Projects/BikeDigitalTwin/install/user_defined_interfaces/lib/python3.14/site-packages/user_defined_interfaces-0.0.0-py3.14.egg-info/top_level.txt
[0.426s] -- Up-to-date: /home/lyraglow/Projects/BikeDigitalTwin/install/user_defined_interfaces/lib/python3.14/site-packages/user_defined_interfaces
[0.426s] -- Up-to-date: /home/lyraglow/Projects/BikeDigitalTwin/install/user_defined_interfaces/lib/python3.14/site-packages/user_defined_interfaces/user_defined_interfaces_s__rosidl_typesupport_introspection_c.so
[0.426s] -- Up-to-date: /home/lyraglow/Projects/BikeDigitalTwin/install/user_defined_interfaces/lib/python3.14/site-packages/user_defined_interfaces/py.typed
[0.426s] -- Up-to-date: /home/lyraglow/Projects/BikeDigitalTwin/install/user_defined_interfaces/lib/python3.14/site-packages/user_defined_interfaces/__init__.py
[0.426s] -- Up-to-date: /home/lyraglow/Projects/BikeDigitalTwin/install/user_defined_interfaces/lib/python3.14/site-packages/user_defined_interfaces/user_defined_interfaces_s__rosidl_typesupport_c.so
[0.426s] -- Up-to-date: /home/lyraglow/Projects/BikeDigitalTwin/install/user_defined_interfaces/lib/python3.14/site-packages/user_defined_interfaces/msg
[0.426s] -- Up-to-date: /home/lyraglow/Projects/BikeDigitalTwin/install/user_defined_interfaces/lib/python3.14/site-packages/user_defined_interfaces/msg/_digital_state_s.c
[0.426s] -- Up-to-date: /home/lyraglow/Projects/BikeDigitalTwin/install/user_defined_interfaces/lib/python3.14/site-packages/user_defined_interfaces/msg/__init__.py
[0.426s] -- Up-to-date: /home/lyraglow/Projects/BikeDigitalTwin/install/user_defined_interfaces/lib/python3.14/site-packages/user_defined_interfaces/msg/_digital_state.py
[0.426s] -- Up-to-date: /home/lyraglow/Projects/BikeDigitalTwin/install/user_defined_interfaces/lib/python3.14/site-packages/user_defined_interfaces/user_defined_interfaces_s__rosidl_typesupport_fastrtps_c.so
[0.426s] -- Up-to-date: /home/lyraglow/Projects/BikeDigitalTwin/install/user_defined_interfaces/lib/python3.14/site-packages/user_defined_interfaces/_user_defined_interfaces_s.ep.rosidl_typesupport_fastrtps_c.c
[0.426s] -- Up-to-date: /home/lyraglow/Projects/BikeDigitalTwin/install/user_defined_interfaces/lib/python3.14/site-packages/user_defined_interfaces/_user_defined_interfaces_s.ep.rosidl_typesupport_introspection_c.c
[0.426s] -- Up-to-date: /home/lyraglow/Projects/BikeDigitalTwin/install/user_defined_interfaces/lib/python3.14/site-packages/user_defined_interfaces/_user_defined_interfaces_s.ep.rosidl_typesupport_c.c
[0.452s] Listing '/home/lyraglow/Projects/BikeDigitalTwin/install/user_defined_interfaces/lib/python3.14/site-packages/user_defined_interfaces'...
[0.452s] Listing '/home/lyraglow/Projects/BikeDigitalTwin/install/user_defined_interfaces/lib/python3.14/site-packages/user_defined_interfaces/msg'...
[0.456s] -- Up-to-date: /home/lyraglow/Projects/BikeDigitalTwin/install/user_defined_interfaces/share/user_defined_interfaces/cmake/rosidl_cmake-extras.cmake
[0.456s] -- Up-to-date: /home/lyraglow/Projects/BikeDigitalTwin/install/user_defined_interfaces/share/user_defined_interfaces/cmake/ament_cmake_export_dependencies-extras.cmake
[0.456s] -- Up-to-date: /home/lyraglow/Projects/BikeDigitalTwin/install/user_defined_interfaces/share/user_defined_interfaces/cmake/ament_cmake_export_include_directories-extras.cmake
[0.456s] -- Up-to-date: /home/lyraglow/Projects/BikeDigitalTwin/install/user_defined_interfaces/share/user_defined_interfaces/cmake/ament_cmake_export_libraries-extras.cmake
[0.456s] -- Up-to-date: /home/lyraglow/Projects/BikeDigitalTwin/install/user_defined_interfaces/share/user_defined_interfaces/cmake/ament_cmake_export_targets-extras.cmake
[0.456s] -- Up-to-date: /home/lyraglow/Projects/BikeDigitalTwin/install/user_defined_interfaces/share/user_defined_interfaces/cmake/rosidl_cmake_export_typesupport_targets-extras.cmake
[0.456s] -- Up-to-date: /home/lyraglow/Projects/BikeDigitalTwin/install/user_defined_interfaces/share/user_defined_interfaces/cmake/rosidl_cmake_export_typesupport_libraries-extras.cmake
[0.457s] -- Up-to-date: /home/lyraglow/Projects/BikeDigitalTwin/install/user_defined_interfaces/share/user_defined_interfaces/cmake/rosidl_cmake_aggregate_target-extras.cmake
[0.457s] -- Up-to-date: /home/lyraglow/Projects/BikeDigitalTwin/install/user_defined_interfaces/share/user_defined_interfaces/cmake/user_defined_interfacesConfig.cmake
[0.457s] -- Up-to-date: /home/lyraglow/Projects/BikeDigitalTwin/install/user_defined_interfaces/share/user_defined_interfaces/cmake/user_defined_interfacesConfig-version.cmake
[0.457s] -- Up-to-date: /home/lyraglow/Projects/BikeDigitalTwin/install/user_defined_interfaces/share/user_defined_interfaces/package.xml
[0.458s] Invoked command in '/home/lyraglow/Projects/BikeDigitalTwin/build/user_defined_interfaces' returned '0': CMAKE_PREFIX_PATH=${CMAKE_PREFIX_PATH}:/home/lyraglow/Projects/BikeDigitalTwin/install/math_model:/opt/ros/lyrical /usr/bin/cmake --install /home/lyraglow/Projects/BikeDigitalTwin/build/user_defined_interfaces
