[  2%] Built target user_defined_interfaces__rs
[  5%] Built target user_defined_interfaces__rosidl_generator_type_description
[  8%] Built target user_defined_interfaces__cpp
[ 22%] Built target user_defined_interfaces__rosidl_generator_c
[ 31%] Built target user_defined_interfaces__rosidl_typesupport_fastrtps_cpp
[ 48%] Built target user_defined_interfaces__rosidl_typesupport_c
[ 54%] Built target user_defined_interfaces__rosidl_typesupport_introspection_c
[ 65%] Built target user_defined_interfaces__rosidl_typesupport_introspection_cpp
[ 74%] Built target user_defined_interfaces__rosidl_typesupport_fastrtps_c
[ 74%] Built target user_defined_interfaces__rosidl_typesupport_cpp
[ 74%] Built target user_defined_interfaces
[ 77%] Built target user_defined_interfaces__py
[ 82%] Built target user_defined_interfaces__rosidl_generator_py
[ 82%] Built target ament_cmake_python_sync_user_defined_interfaces
[100%] Built target user_defined_interfaces_s__rosidl_typesupport_introspection_c
[100%] Built target user_defined_interfaces_s__rosidl_typesupport_fastrtps_c
[100%] Built target user_defined_interfaces_s__rosidl_typesupport_c
running egg_info
writing user_defined_interfaces.egg-info/PKG-INFO
writing dependency_links to user_defined_interfaces.egg-info/dependency_links.txt
writing top-level names to user_defined_interfaces.egg-info/top_level.txt
reading manifest file 'user_defined_interfaces.egg-info/SOURCES.txt'
writing manifest file 'user_defined_interfaces.egg-info/SOURCES.txt'
[100%] Built target ament_cmake_python_build_user_defined_interfaces_egg
-- Install configuration: ""
-- Up-to-date: /home/lyraglow/Projects/BikeDigitalTwin/install/user_defined_interfaces/share/ament_index/resource_index/rosidl_interfaces/user_defined_interfaces
-- Up-to-date: /home/lyraglow/Projects/BikeDigitalTwin/install/user_defined_interfaces/share/user_defined_interfaces/msg/DigitalState.json
-- Up-to-date: /home/lyraglow/Projects/BikeDigitalTwin/install/user_defined_interfaces/include/user_defined_interfaces/user_defined_interfaces
-- Up-to-date: /home/lyraglow/Projects/BikeDigitalTwin/install/user_defined_interfaces/include/user_defined_interfaces/user_defined_interfaces/msg
-- Up-to-date: /home/lyraglow/Projects/BikeDigitalTwin/install/user_defined_interfaces/include/user_defined_interfaces/user_defined_interfaces/msg/digital_state.h
-- Up-to-date: /home/lyraglow/Projects/BikeDigitalTwin/install/user_defined_interfaces/include/user_defined_interfaces/user_defined_interfaces/msg/rosidl_generator_c__visibility_control.h
-- Up-to-date: /home/lyraglow/Projects/BikeDigitalTwin/install/user_defined_interfaces/include/user_defined_interfaces/user_defined_interfaces/msg/detail
-- Up-to-date: /home/lyraglow/Projects/BikeDigitalTwin/install/user_defined_interfaces/include/user_defined_interfaces/user_defined_interfaces/msg/detail/digital_state__type_support.h
-- Up-to-date: /home/lyraglow/Projects/BikeDigitalTwin/install/user_defined_interfaces/include/user_defined_interfaces/user_defined_interfaces/msg/detail/digital_state__description.c
-- Up-to-date: /home/lyraglow/Projects/BikeDigitalTwin/install/user_defined_interfaces/include/user_defined_interfaces/user_defined_interfaces/msg/detail/digital_state__type_support.c
-- Up-to-date: /home/lyraglow/Projects/BikeDigitalTwin/install/user_defined_interfaces/include/user_defined_interfaces/user_defined_interfaces/msg/detail/digital_state__struct.h
-- Up-to-date: /home/lyraglow/Projects/BikeDigitalTwin/install/user_defined_interfaces/include/user_defined_interfaces/user_defined_interfaces/msg/detail/digital_state__functions.c
-- Up-to-date: /home/lyraglow/Projects/BikeDigitalTwin/install/user_defined_interfaces/include/user_defined_interfaces/user_defined_interfaces/msg/detail/digital_state__functions.h
-- Up-to-date: /home/lyraglow/Projects/BikeDigitalTwin/install/user_defined_interfaces/share/user_defined_interfaces/environment/library_path.sh
-- Up-to-date: /home/lyraglow/Projects/BikeDigitalTwin/install/user_defined_interfaces/share/user_defined_interfaces/environment/library_path.dsv
-- Up-to-date: /home/lyraglow/Projects/BikeDigitalTwin/install/user_defined_interfaces/lib/libuser_defined_interfaces__rosidl_generator_c.so
-- Up-to-date: /home/lyraglow/Projects/BikeDigitalTwin/install/user_defined_interfaces/include/user_defined_interfaces/user_defined_interfaces
-- Up-to-date: /home/lyraglow/Projects/BikeDigitalTwin/install/user_defined_interfaces/include/user_defined_interfaces/user_defined_interfaces/msg
-- Up-to-date: /home/lyraglow/Projects/BikeDigitalTwin/install/user_defined_interfaces/include/user_defined_interfaces/user_defined_interfaces/msg/rosidl_typesupport_fastrtps_c__visibility_control.h
-- Up-to-date: /home/lyraglow/Projects/BikeDigitalTwin/install/user_defined_interfaces/include/user_defined_interfaces/user_defined_interfaces/msg/detail
-- Up-to-date: /home/lyraglow/Projects/BikeDigitalTwin/install/user_defined_interfaces/include/user_defined_interfaces/user_defined_interfaces/msg/detail/digital_state__rosidl_typesupport_fastrtps_c.h
-- Up-to-date: /home/lyraglow/Projects/BikeDigitalTwin/install/user_defined_interfaces/lib/libuser_defined_interfaces__rosidl_typesupport_fastrtps_c.so
-- Up-to-date: /home/lyraglow/Projects/BikeDigitalTwin/install/user_defined_interfaces/include/user_defined_interfaces/user_defined_interfaces
-- Up-to-date: /home/lyraglow/Projects/BikeDigitalTwin/install/user_defined_interfaces/include/user_defined_interfaces/user_defined_interfaces/msg
-- Up-to-date: /home/lyraglow/Projects/BikeDigitalTwin/install/user_defined_interfaces/include/user_defined_interfaces/user_defined_interfaces/msg/rosidl_typesupport_introspection_c__visibility_control.h
-- Up-to-date: /home/lyraglow/Projects/BikeDigitalTwin/install/user_defined_interfaces/include/user_defined_interfaces/user_defined_interfaces/msg/detail
-- Up-to-date: /home/lyraglow/Projects/BikeDigitalTwin/install/user_defined_interfaces/include/user_defined_interfaces/user_defined_interfaces/msg/detail/digital_state__type_support.c
-- Up-to-date: /home/lyraglow/Projects/BikeDigitalTwin/install/user_defined_interfaces/include/user_defined_interfaces/user_defined_interfaces/msg/detail/digital_state__rosidl_typesupport_introspection_c.h
-- Up-to-date: /home/lyraglow/Projects/BikeDigitalTwin/install/user_defined_interfaces/lib/libuser_defined_interfaces__rosidl_typesupport_introspection_c.so
-- Up-to-date: /home/lyraglow/Projects/BikeDigitalTwin/install/user_defined_interfaces/lib/libuser_defined_interfaces__rosidl_typesupport_c.so
-- Up-to-date: /home/lyraglow/Projects/BikeDigitalTwin/install/user_defined_interfaces/include/user_defined_interfaces/user_defined_interfaces
-- Up-to-date: /home/lyraglow/Projects/BikeDigitalTwin/install/user_defined_interfaces/include/user_defined_interfaces/user_defined_interfaces/msg
-- Up-to-date: /home/lyraglow/Projects/BikeDigitalTwin/install/user_defined_interfaces/include/user_defined_interfaces/user_defined_interfaces/msg/digital_state.hpp
-- Up-to-date: /home/lyraglow/Projects/BikeDigitalTwin/install/user_defined_interfaces/include/user_defined_interfaces/user_defined_interfaces/msg/rosidl_generator_cpp__visibility_control.hpp
-- Up-to-date: /home/lyraglow/Projects/BikeDigitalTwin/install/user_defined_interfaces/include/user_defined_interfaces/user_defined_interfaces/msg/detail
-- Up-to-date: /home/lyraglow/Projects/BikeDigitalTwin/install/user_defined_interfaces/include/user_defined_interfaces/user_defined_interfaces/msg/detail/digital_state__builder.hpp
-- Up-to-date: /home/lyraglow/Projects/BikeDigitalTwin/install/user_defined_interfaces/include/user_defined_interfaces/user_defined_interfaces/msg/detail/digital_state__traits.hpp
-- Up-to-date: /home/lyraglow/Projects/BikeDigitalTwin/install/user_defined_interfaces/include/user_defined_interfaces/user_defined_interfaces/msg/detail/digital_state__struct.hpp
-- Up-to-date: /home/lyraglow/Projects/BikeDigitalTwin/install/user_defined_interfaces/include/user_defined_interfaces/user_defined_interfaces/msg/detail/digital_state__type_support.hpp
-- Up-to-date: /home/lyraglow/Projects/BikeDigitalTwin/install/user_defined_interfaces/include/user_defined_interfaces/user_defined_interfaces
-- Up-to-date: /home/lyraglow/Projects/BikeDigitalTwin/install/user_defined_interfaces/include/user_defined_interfaces/user_defined_interfaces/msg
-- Up-to-date: /home/lyraglow/Projects/BikeDigitalTwin/install/user_defined_interfaces/include/user_defined_interfaces/user_defined_interfaces/msg/rosidl_typesupport_fastrtps_cpp__visibility_control.h
-- Up-to-date: /home/lyraglow/Projects/BikeDigitalTwin/install/user_defined_interfaces/include/user_defined_interfaces/user_defined_interfaces/msg/detail
-- Up-to-date: /home/lyraglow/Projects/BikeDigitalTwin/install/user_defined_interfaces/include/user_defined_interfaces/user_defined_interfaces/msg/detail/digital_state__rosidl_typesupport_fastrtps_cpp.hpp
-- Up-to-date: /home/lyraglow/Projects/BikeDigitalTwin/install/user_defined_interfaces/include/user_defined_interfaces/user_defined_interfaces/msg/detail/dds_fastrtps
-- Up-to-date: /home/lyraglow/Projects/BikeDigitalTwin/install/user_defined_interfaces/lib/libuser_defined_interfaces__rosidl_typesupport_fastrtps_cpp.so
-- Up-to-date: /home/lyraglow/Projects/BikeDigitalTwin/install/user_defined_interfaces/include/user_defined_interfaces/user_defined_interfaces
-- Up-to-date: /home/lyraglow/Projects/BikeDigitalTwin/install/user_defined_interfaces/include/user_defined_interfaces/user_defined_interfaces/msg
-- Up-to-date: /home/lyraglow/Projects/BikeDigitalTwin/install/user_defined_interfaces/include/user_defined_interfaces/user_defined_interfaces/msg/detail
-- Up-to-date: /home/lyraglow/Projects/BikeDigitalTwin/install/user_defined_interfaces/include/user_defined_interfaces/user_defined_interfaces/msg/detail/digital_state__type_support.cpp
-- Up-to-date: /home/lyraglow/Projects/BikeDigitalTwin/install/user_defined_interfaces/include/user_defined_interfaces/user_defined_interfaces/msg/detail/digital_state__rosidl_typesupport_introspection_cpp.hpp
-- Up-to-date: /home/lyraglow/Projects/BikeDigitalTwin/install/user_defined_interfaces/lib/libuser_defined_interfaces__rosidl_typesupport_introspection_cpp.so
-- Up-to-date: /home/lyraglow/Projects/BikeDigitalTwin/install/user_defined_interfaces/lib/libuser_defined_interfaces__rosidl_typesupport_cpp.so
-- Up-to-date: /home/lyraglow/Projects/BikeDigitalTwin/install/user_defined_interfaces/share/user_defined_interfaces/environment/pythonpath.sh
-- Up-to-date: /home/lyraglow/Projects/BikeDigitalTwin/install/user_defined_interfaces/share/user_defined_interfaces/environment/pythonpath.dsv
-- Up-to-date: /home/lyraglow/Projects/BikeDigitalTwin/install/user_defined_interfaces/lib/python3.14/site-packages/user_defined_interfaces/user_defined_interfaces_s__rosidl_typesupport_fastrtps_c.so
-- Up-to-date: /home/lyraglow/Projects/BikeDigitalTwin/install/user_defined_interfaces/lib/python3.14/site-packages/user_defined_interfaces/user_defined_interfaces_s__rosidl_typesupport_introspection_c.so
-- Up-to-date: /home/lyraglow/Projects/BikeDigitalTwin/install/user_defined_interfaces/lib/python3.14/site-packages/user_defined_interfaces/user_defined_interfaces_s__rosidl_typesupport_c.so
-- Up-to-date: /home/lyraglow/Projects/BikeDigitalTwin/install/user_defined_interfaces/lib/libuser_defined_interfaces__rosidl_generator_py.so
-- Up-to-date: /home/lyraglow/Projects/BikeDigitalTwin/install/user_defined_interfaces/share/ament_index/resource_index/rust_packages/user_defined_interfaces
-- Up-to-date: /home/lyraglow/Projects/BikeDigitalTwin/install/user_defined_interfaces/share/user_defined_interfaces/rust
-- Up-to-date: /home/lyraglow/Projects/BikeDigitalTwin/install/user_defined_interfaces/share/user_defined_interfaces/rust/src
-- Up-to-date: /home/lyraglow/Projects/BikeDigitalTwin/install/user_defined_interfaces/share/user_defined_interfaces/rust/src/msg
-- Up-to-date: /home/lyraglow/Projects/BikeDigitalTwin/install/user_defined_interfaces/share/user_defined_interfaces/rust/src/msg/rmw.rs
-- Up-to-date: /home/lyraglow/Projects/BikeDigitalTwin/install/user_defined_interfaces/share/user_defined_interfaces/rust/src/msg.rs
-- Up-to-date: /home/lyraglow/Projects/BikeDigitalTwin/install/user_defined_interfaces/share/user_defined_interfaces/rust/src/lib.rs
-- Up-to-date: /home/lyraglow/Projects/BikeDigitalTwin/install/user_defined_interfaces/share/user_defined_interfaces/rust/build.rs
-- Up-to-date: /home/lyraglow/Projects/BikeDigitalTwin/install/user_defined_interfaces/share/user_defined_interfaces/rust/Cargo.toml
-- Up-to-date: /home/lyraglow/Projects/BikeDigitalTwin/install/user_defined_interfaces/share/user_defined_interfaces/msg/DigitalState.idl
-- Up-to-date: /home/lyraglow/Projects/BikeDigitalTwin/install/user_defined_interfaces/share/user_defined_interfaces/msg/DigitalState.msg
-- Up-to-date: /home/lyraglow/Projects/BikeDigitalTwin/install/user_defined_interfaces/share/ament_index/resource_index/package_run_dependencies/user_defined_interfaces
-- Up-to-date: /home/lyraglow/Projects/BikeDigitalTwin/install/user_defined_interfaces/share/ament_index/resource_index/parent_prefix_path/user_defined_interfaces
-- Up-to-date: /home/lyraglow/Projects/BikeDigitalTwin/install/user_defined_interfaces/share/user_defined_interfaces/environment/ament_prefix_path.sh
-- Up-to-date: /home/lyraglow/Projects/BikeDigitalTwin/install/user_defined_interfaces/share/user_defined_interfaces/environment/ament_prefix_path.dsv
-- Up-to-date: /home/lyraglow/Projects/BikeDigitalTwin/install/user_defined_interfaces/share/user_defined_interfaces/environment/path.sh
-- Up-to-date: /home/lyraglow/Projects/BikeDigitalTwin/install/user_defined_interfaces/share/user_defined_interfaces/environment/path.dsv
-- Up-to-date: /home/lyraglow/Projects/BikeDigitalTwin/install/user_defined_interfaces/share/user_defined_interfaces/local_setup.bash
-- Up-to-date: /home/lyraglow/Projects/BikeDigitalTwin/install/user_defined_interfaces/share/user_defined_interfaces/local_setup.fish
-- Up-to-date: /home/lyraglow/Projects/BikeDigitalTwin/install/user_defined_interfaces/share/user_defined_interfaces/local_setup.sh
-- Up-to-date: /home/lyraglow/Projects/BikeDigitalTwin/install/user_defined_interfaces/share/user_defined_interfaces/local_setup.zsh
-- Up-to-date: /home/lyraglow/Projects/BikeDigitalTwin/install/user_defined_interfaces/share/user_defined_interfaces/local_setup.dsv
-- Installing: /home/lyraglow/Projects/BikeDigitalTwin/install/user_defined_interfaces/share/user_defined_interfaces/package.dsv
-- Up-to-date: /home/lyraglow/Projects/BikeDigitalTwin/install/user_defined_interfaces/share/ament_index/resource_index/packages/user_defined_interfaces
-- Up-to-date: /home/lyraglow/Projects/BikeDigitalTwin/install/user_defined_interfaces/share/user_defined_interfaces/cmake/export_user_defined_interfaces__rosidl_generator_cExport.cmake
-- Up-to-date: /home/lyraglow/Projects/BikeDigitalTwin/install/user_defined_interfaces/share/user_defined_interfaces/cmake/export_user_defined_interfaces__rosidl_generator_cExport-noconfig.cmake
-- Up-to-date: /home/lyraglow/Projects/BikeDigitalTwin/install/user_defined_interfaces/share/user_defined_interfaces/cmake/export_user_defined_interfaces__rosidl_typesupport_fastrtps_cExport.cmake
-- Up-to-date: /home/lyraglow/Projects/BikeDigitalTwin/install/user_defined_interfaces/share/user_defined_interfaces/cmake/export_user_defined_interfaces__rosidl_typesupport_fastrtps_cExport-noconfig.cmake
-- Up-to-date: /home/lyraglow/Projects/BikeDigitalTwin/install/user_defined_interfaces/share/user_defined_interfaces/cmake/user_defined_interfaces__rosidl_typesupport_introspection_cExport.cmake
-- Up-to-date: /home/lyraglow/Projects/BikeDigitalTwin/install/user_defined_interfaces/share/user_defined_interfaces/cmake/user_defined_interfaces__rosidl_typesupport_introspection_cExport-noconfig.cmake
-- Up-to-date: /home/lyraglow/Projects/BikeDigitalTwin/install/user_defined_interfaces/share/user_defined_interfaces/cmake/user_defined_interfaces__rosidl_typesupport_cExport.cmake
-- Up-to-date: /home/lyraglow/Projects/BikeDigitalTwin/install/user_defined_interfaces/share/user_defined_interfaces/cmake/user_defined_interfaces__rosidl_typesupport_cExport-noconfig.cmake
-- Up-to-date: /home/lyraglow/Projects/BikeDigitalTwin/install/user_defined_interfaces/share/user_defined_interfaces/cmake/export_user_defined_interfaces__rosidl_generator_cppExport.cmake
-- Up-to-date: /home/lyraglow/Projects/BikeDigitalTwin/install/user_defined_interfaces/share/user_defined_interfaces/cmake/export_user_defined_interfaces__rosidl_typesupport_fastrtps_cppExport.cmake
-- Up-to-date: /home/lyraglow/Projects/BikeDigitalTwin/install/user_defined_interfaces/share/user_defined_interfaces/cmake/export_user_defined_interfaces__rosidl_typesupport_fastrtps_cppExport-noconfig.cmake
-- Up-to-date: /home/lyraglow/Projects/BikeDigitalTwin/install/user_defined_interfaces/share/user_defined_interfaces/cmake/user_defined_interfaces__rosidl_typesupport_introspection_cppExport.cmake
-- Up-to-date: /home/lyraglow/Projects/BikeDigitalTwin/install/user_defined_interfaces/share/user_defined_interfaces/cmake/user_defined_interfaces__rosidl_typesupport_introspection_cppExport-noconfig.cmake
-- Up-to-date: /home/lyraglow/Projects/BikeDigitalTwin/install/user_defined_interfaces/share/user_defined_interfaces/cmake/user_defined_interfaces__rosidl_typesupport_cppExport.cmake
-- Up-to-date: /home/lyraglow/Projects/BikeDigitalTwin/install/user_defined_interfaces/share/user_defined_interfaces/cmake/user_defined_interfaces__rosidl_typesupport_cppExport-noconfig.cmake
-- Up-to-date: /home/lyraglow/Projects/BikeDigitalTwin/install/user_defined_interfaces/share/user_defined_interfaces/cmake/export_user_defined_interfaces__rosidl_generator_pyExport.cmake
-- Up-to-date: /home/lyraglow/Projects/BikeDigitalTwin/install/user_defined_interfaces/share/user_defined_interfaces/cmake/export_user_defined_interfaces__rosidl_generator_pyExport-noconfig.cmake
-- Up-to-date: /home/lyraglow/Projects/BikeDigitalTwin/install/user_defined_interfaces/lib/python3.14/site-packages/user_defined_interfaces-0.0.0-py3.14.egg-info
-- Installing: /home/lyraglow/Projects/BikeDigitalTwin/install/user_defined_interfaces/lib/python3.14/site-packages/user_defined_interfaces-0.0.0-py3.14.egg-info/SOURCES.txt
-- Installing: /home/lyraglow/Projects/BikeDigitalTwin/install/user_defined_interfaces/lib/python3.14/site-packages/user_defined_interfaces-0.0.0-py3.14.egg-info/dependency_links.txt
-- Installing: /home/lyraglow/Projects/BikeDigitalTwin/install/user_defined_interfaces/lib/python3.14/site-packages/user_defined_interfaces-0.0.0-py3.14.egg-info/PKG-INFO
-- Installing: /home/lyraglow/Projects/BikeDigitalTwin/install/user_defined_interfaces/lib/python3.14/site-packages/user_defined_interfaces-0.0.0-py3.14.egg-info/top_level.txt
-- Up-to-date: /home/lyraglow/Projects/BikeDigitalTwin/install/user_defined_interfaces/lib/python3.14/site-packages/user_defined_interfaces
-- Up-to-date: /home/lyraglow/Projects/BikeDigitalTwin/install/user_defined_interfaces/lib/python3.14/site-packages/user_defined_interfaces/user_defined_interfaces_s__rosidl_typesupport_introspection_c.so
-- Up-to-date: /home/lyraglow/Projects/BikeDigitalTwin/install/user_defined_interfaces/lib/python3.14/site-packages/user_defined_interfaces/py.typed
-- Up-to-date: /home/lyraglow/Projects/BikeDigitalTwin/install/user_defined_interfaces/lib/python3.14/site-packages/user_defined_interfaces/__init__.py
-- Up-to-date: /home/lyraglow/Projects/BikeDigitalTwin/install/user_defined_interfaces/lib/python3.14/site-packages/user_defined_interfaces/user_defined_interfaces_s__rosidl_typesupport_c.so
-- Up-to-date: /home/lyraglow/Projects/BikeDigitalTwin/install/user_defined_interfaces/lib/python3.14/site-packages/user_defined_interfaces/msg
-- Up-to-date: /home/lyraglow/Projects/BikeDigitalTwin/install/user_defined_interfaces/lib/python3.14/site-packages/user_defined_interfaces/msg/_digital_state_s.c
-- Up-to-date: /home/lyraglow/Projects/BikeDigitalTwin/install/user_defined_interfaces/lib/python3.14/site-packages/user_defined_interfaces/msg/__init__.py
-- Up-to-date: /home/lyraglow/Projects/BikeDigitalTwin/install/user_defined_interfaces/lib/python3.14/site-packages/user_defined_interfaces/msg/_digital_state.py
-- Up-to-date: /home/lyraglow/Projects/BikeDigitalTwin/install/user_defined_interfaces/lib/python3.14/site-packages/user_defined_interfaces/user_defined_interfaces_s__rosidl_typesupport_fastrtps_c.so
-- Up-to-date: /home/lyraglow/Projects/BikeDigitalTwin/install/user_defined_interfaces/lib/python3.14/site-packages/user_defined_interfaces/_user_defined_interfaces_s.ep.rosidl_typesupport_fastrtps_c.c
-- Up-to-date: /home/lyraglow/Projects/BikeDigitalTwin/install/user_defined_interfaces/lib/python3.14/site-packages/user_defined_interfaces/_user_defined_interfaces_s.ep.rosidl_typesupport_introspection_c.c
-- Up-to-date: /home/lyraglow/Projects/BikeDigitalTwin/install/user_defined_interfaces/lib/python3.14/site-packages/user_defined_interfaces/_user_defined_interfaces_s.ep.rosidl_typesupport_c.c
Listing '/home/lyraglow/Projects/BikeDigitalTwin/install/user_defined_interfaces/lib/python3.14/site-packages/user_defined_interfaces'...
Listing '/home/lyraglow/Projects/BikeDigitalTwin/install/user_defined_interfaces/lib/python3.14/site-packages/user_defined_interfaces/msg'...
-- Up-to-date: /home/lyraglow/Projects/BikeDigitalTwin/install/user_defined_interfaces/share/user_defined_interfaces/cmake/rosidl_cmake-extras.cmake
-- Up-to-date: /home/lyraglow/Projects/BikeDigitalTwin/install/user_defined_interfaces/share/user_defined_interfaces/cmake/ament_cmake_export_dependencies-extras.cmake
-- Up-to-date: /home/lyraglow/Projects/BikeDigitalTwin/install/user_defined_interfaces/share/user_defined_interfaces/cmake/ament_cmake_export_include_directories-extras.cmake
-- Up-to-date: /home/lyraglow/Projects/BikeDigitalTwin/install/user_defined_interfaces/share/user_defined_interfaces/cmake/ament_cmake_export_libraries-extras.cmake
-- Up-to-date: /home/lyraglow/Projects/BikeDigitalTwin/install/user_defined_interfaces/share/user_defined_interfaces/cmake/ament_cmake_export_targets-extras.cmake
-- Up-to-date: /home/lyraglow/Projects/BikeDigitalTwin/install/user_defined_interfaces/share/user_defined_interfaces/cmake/rosidl_cmake_export_typesupport_targets-extras.cmake
-- Up-to-date: /home/lyraglow/Projects/BikeDigitalTwin/install/user_defined_interfaces/share/user_defined_interfaces/cmake/rosidl_cmake_export_typesupport_libraries-extras.cmake
-- Up-to-date: /home/lyraglow/Projects/BikeDigitalTwin/install/user_defined_interfaces/share/user_defined_interfaces/cmake/rosidl_cmake_aggregate_target-extras.cmake
-- Up-to-date: /home/lyraglow/Projects/BikeDigitalTwin/install/user_defined_interfaces/share/user_defined_interfaces/cmake/user_defined_interfacesConfig.cmake
-- Up-to-date: /home/lyraglow/Projects/BikeDigitalTwin/install/user_defined_interfaces/share/user_defined_interfaces/cmake/user_defined_interfacesConfig-version.cmake
-- Up-to-date: /home/lyraglow/Projects/BikeDigitalTwin/install/user_defined_interfaces/share/user_defined_interfaces/package.xml
