[-1784283749484402944.000s] DEBUG:colcon:Command line arguments: ['/usr/bin/colcon', 'build', '--packages-select', 'ROS-TCP-Endpoint']
[-1784283749484402944.000s] DEBUG:colcon:Parsed command line arguments: Namespace(log_base=None, log_level=None, verb_name='build', build_base='build', install_base='install', merge_install=False, symlink_install=False, test_result_base=None, continue_on_error=False, executor='parallel', parallel_workers=32, event_handlers=None, ignore_user_meta=False, metas=['./colcon.meta'], base_paths=['.'], packages_ignore=None, packages_ignore_regex=None, paths=None, packages_up_to=None, packages_up_to_regex=None, packages_above=None, packages_above_and_dependencies=None, packages_above_depth=None, packages_select_by_dep=None, packages_skip_by_dep=None, packages_skip_up_to=None, packages_select_build_failed=False, packages_skip_build_finished=False, packages_select_test_failures=False, packages_skip_test_passed=False, packages_select=['ROS-TCP-Endpoint'], packages_skip=None, packages_select_regex=None, packages_skip_regex=None, packages_start=None, packages_end=None, allow_overriding=[], cmake_args=None, cmake_target=None, cmake_target_skip_unavailable=False, cmake_clean_cache=False, cmake_clean_first=False, cmake_force_configure=False, ament_cmake_args=None, catkin_cmake_args=None, catkin_skip_building_tests=False, verb_parser=<colcon_defaults.argument_parser.defaults.DefaultArgumentsDecorator object at 0x7b915aa6bb10>, verb_extension=<colcon_core.verb.build.BuildVerb object at 0x7b915aa5b380>, main=<bound method BuildVerb.main of <colcon_core.verb.build.BuildVerb object at 0x7b915aa5b380>>)
[-1784283749484402944.000s] Level 1:colcon.colcon_core.package_discovery:discover_packages(colcon_meta) check parameters
[-1784283749484402944.000s] Level 1:colcon.colcon_core.package_discovery:discover_packages(recursive) check parameters
[-1784283749484402944.000s] Level 1:colcon.colcon_core.package_discovery:discover_packages(ignore) check parameters
[-1784283749484402944.000s] Level 1:colcon.colcon_core.package_discovery:discover_packages(path) check parameters
[-1784283749484402944.000s] Level 1:colcon.colcon_core.package_discovery:discover_packages(colcon_meta) discover
[-1784283749484402944.000s] Level 1:colcon.colcon_core.package_discovery:discover_packages(recursive) discover
[-1784283749484402944.000s] INFO:colcon.colcon_core.package_discovery:Crawling recursively for packages in '/home/lyraglow/Projects/BikeDigitalTwin'
[-1784283749484402944.000s] Level 1:colcon.colcon_core.package_identification:_identify(.) by extensions ['ignore', 'ignore_ament_install']
[-1784283749484402944.000s] Level 1:colcon.colcon_core.package_identification:_identify(.) by extension 'ignore'
[-1784283749484402944.000s] Level 1:colcon.colcon_core.package_identification:_identify(.) by extension 'ignore_ament_install'
[-1784283749484402944.000s] Level 1:colcon.colcon_core.package_identification:_identify(.) by extensions ['colcon_pkg']
[-1784283749484402944.000s] Level 1:colcon.colcon_core.package_identification:_identify(.) by extension 'colcon_pkg'
[-1784283749484402944.000s] Level 1:colcon.colcon_core.package_identification:_identify(.) by extensions ['colcon_meta']
[-1784283749484402944.000s] Level 1:colcon.colcon_core.package_identification:_identify(.) by extension 'colcon_meta'
[-1784283749484402944.000s] Level 1:colcon.colcon_core.package_identification:_identify(.) by extensions ['ros']
[-1784283749484402944.000s] Level 1:colcon.colcon_core.package_identification:_identify(.) by extension 'ros'
[-1784283749484402944.000s] Level 1:colcon.colcon_core.package_identification:_identify(.) by extensions ['cmake', 'python']
[-1784283749484402944.000s] Level 1:colcon.colcon_core.package_identification:_identify(.) by extension 'cmake'
[-1784283749484402944.000s] Level 1:colcon.colcon_core.package_identification:_identify(.) by extension 'python'
[-1784283749484402944.000s] Level 1:colcon.colcon_core.package_identification:_identify(.) by extensions ['python_setup_py']
[-1784283749484402944.000s] Level 1:colcon.colcon_core.package_identification:_identify(.) by extension 'python_setup_py'
[-1784283749484402944.000s] Level 1:colcon.colcon_core.package_identification:_identify(assets) by extensions ['ignore', 'ignore_ament_install']
[-1784283749484402944.000s] Level 1:colcon.colcon_core.package_identification:_identify(assets) by extension 'ignore'
[-1784283749484402944.000s] Level 1:colcon.colcon_core.package_identification:_identify(assets) by extension 'ignore_ament_install'
[-1784283749484402944.000s] Level 1:colcon.colcon_core.package_identification:_identify(assets) by extensions ['colcon_pkg']
[-1784283749484402944.000s] Level 1:colcon.colcon_core.package_identification:_identify(assets) by extension 'colcon_pkg'
[-1784283749484402944.000s] Level 1:colcon.colcon_core.package_identification:_identify(assets) by extensions ['colcon_meta']
[-1784283749484402944.000s] Level 1:colcon.colcon_core.package_identification:_identify(assets) by extension 'colcon_meta'
[-1784283749484402944.000s] Level 1:colcon.colcon_core.package_identification:_identify(assets) by extensions ['ros']
[-1784283749484402944.000s] Level 1:colcon.colcon_core.package_identification:_identify(assets) by extension 'ros'
[-1784283749484402944.000s] Level 1:colcon.colcon_core.package_identification:_identify(assets) by extensions ['cmake', 'python']
[-1784283749484402944.000s] Level 1:colcon.colcon_core.package_identification:_identify(assets) by extension 'cmake'
[-1784283749484402944.000s] Level 1:colcon.colcon_core.package_identification:_identify(assets) by extension 'python'
[-1784283749484402944.000s] Level 1:colcon.colcon_core.package_identification:_identify(assets) by extensions ['python_setup_py']
[-1784283749484402944.000s] Level 1:colcon.colcon_core.package_identification:_identify(assets) by extension 'python_setup_py'
[-1784283749484402944.000s] Level 1:colcon.colcon_core.package_identification:_identify(assets/img) by extensions ['ignore', 'ignore_ament_install']
[-1784283749484402944.000s] Level 1:colcon.colcon_core.package_identification:_identify(assets/img) by extension 'ignore'
[-1784283749484402944.000s] Level 1:colcon.colcon_core.package_identification:_identify(assets/img) by extension 'ignore_ament_install'
[-1784283749484402944.000s] Level 1:colcon.colcon_core.package_identification:_identify(assets/img) by extensions ['colcon_pkg']
[-1784283749484402944.000s] Level 1:colcon.colcon_core.package_identification:_identify(assets/img) by extension 'colcon_pkg'
[-1784283749484402944.000s] Level 1:colcon.colcon_core.package_identification:_identify(assets/img) by extensions ['colcon_meta']
[-1784283749484402944.000s] Level 1:colcon.colcon_core.package_identification:_identify(assets/img) by extension 'colcon_meta'
[-1784283749484402944.000s] Level 1:colcon.colcon_core.package_identification:_identify(assets/img) by extensions ['ros']
[-1784283749484402944.000s] Level 1:colcon.colcon_core.package_identification:_identify(assets/img) by extension 'ros'
[-1784283749484402944.000s] Level 1:colcon.colcon_core.package_identification:_identify(assets/img) by extensions ['cmake', 'python']
[-1784283749484402944.000s] Level 1:colcon.colcon_core.package_identification:_identify(assets/img) by extension 'cmake'
[-1784283749484402944.000s] Level 1:colcon.colcon_core.package_identification:_identify(assets/img) by extension 'python'
[-1784283749484402944.000s] Level 1:colcon.colcon_core.package_identification:_identify(assets/img) by extensions ['python_setup_py']
[-1784283749484402944.000s] Level 1:colcon.colcon_core.package_identification:_identify(assets/img) by extension 'python_setup_py'
[-1784283749484402944.000s] Level 1:colcon.colcon_core.package_identification:_identify(build) by extensions ['ignore', 'ignore_ament_install']
[-1784283749484402944.000s] Level 1:colcon.colcon_core.package_identification:_identify(build) by extension 'ignore'
[-1784283749484402944.000s] Level 1:colcon.colcon_core.package_identification:_identify(build) ignored
[-1784283749484402944.000s] Level 1:colcon.colcon_core.package_identification:_identify(install) by extensions ['ignore', 'ignore_ament_install']
[-1784283749484402944.000s] Level 1:colcon.colcon_core.package_identification:_identify(install) by extension 'ignore'
[-1784283749484402944.000s] Level 1:colcon.colcon_core.package_identification:_identify(install) ignored
[-1784283749484402944.000s] Level 1:colcon.colcon_core.package_identification:_identify(log) by extensions ['ignore', 'ignore_ament_install']
[-1784283749484402944.000s] Level 1:colcon.colcon_core.package_identification:_identify(log) by extension 'ignore'
[-1784283749484402944.000s] Level 1:colcon.colcon_core.package_identification:_identify(log) ignored
[-1784283749484402944.000s] Level 1:colcon.colcon_core.package_identification:_identify(src) by extensions ['ignore', 'ignore_ament_install']
[-1784283749484402944.000s] Level 1:colcon.colcon_core.package_identification:_identify(src) by extension 'ignore'
[-1784283749484402944.000s] Level 1:colcon.colcon_core.package_identification:_identify(src) by extension 'ignore_ament_install'
[-1784283749484402944.000s] Level 1:colcon.colcon_core.package_identification:_identify(src) by extensions ['colcon_pkg']
[-1784283749484402944.000s] Level 1:colcon.colcon_core.package_identification:_identify(src) by extension 'colcon_pkg'
[-1784283749484402944.000s] Level 1:colcon.colcon_core.package_identification:_identify(src) by extensions ['colcon_meta']
[-1784283749484402944.000s] Level 1:colcon.colcon_core.package_identification:_identify(src) by extension 'colcon_meta'
[-1784283749484402944.000s] Level 1:colcon.colcon_core.package_identification:_identify(src) by extensions ['ros']
[-1784283749484402944.000s] Level 1:colcon.colcon_core.package_identification:_identify(src) by extension 'ros'
[-1784283749484402944.000s] Level 1:colcon.colcon_core.package_identification:_identify(src) by extensions ['cmake', 'python']
[-1784283749484402944.000s] Level 1:colcon.colcon_core.package_identification:_identify(src) by extension 'cmake'
[-1784283749484402944.000s] Level 1:colcon.colcon_core.package_identification:_identify(src) by extension 'python'
[-1784283749484402944.000s] Level 1:colcon.colcon_core.package_identification:_identify(src) by extensions ['python_setup_py']
[-1784283749484402944.000s] Level 1:colcon.colcon_core.package_identification:_identify(src) by extension 'python_setup_py'
[-1784283749484402944.000s] Level 1:colcon.colcon_core.package_identification:_identify(src/ROS-TCP-Endpoint) by extensions ['ignore', 'ignore_ament_install']
[-1784283749484402944.000s] Level 1:colcon.colcon_core.package_identification:_identify(src/ROS-TCP-Endpoint) by extension 'ignore'
[-1784283749484402944.000s] Level 1:colcon.colcon_core.package_identification:_identify(src/ROS-TCP-Endpoint) by extension 'ignore_ament_install'
[-1784283749484402944.000s] Level 1:colcon.colcon_core.package_identification:_identify(src/ROS-TCP-Endpoint) by extensions ['colcon_pkg']
[-1784283749484402944.000s] Level 1:colcon.colcon_core.package_identification:_identify(src/ROS-TCP-Endpoint) by extension 'colcon_pkg'
[-1784283749484402944.000s] Level 1:colcon.colcon_core.package_identification:_identify(src/ROS-TCP-Endpoint) by extensions ['colcon_meta']
[-1784283749484402944.000s] Level 1:colcon.colcon_core.package_identification:_identify(src/ROS-TCP-Endpoint) by extension 'colcon_meta'
[-1784283749484402944.000s] Level 1:colcon.colcon_core.package_identification:_identify(src/ROS-TCP-Endpoint) by extensions ['ros']
[-1784283749484402944.000s] Level 1:colcon.colcon_core.package_identification:_identify(src/ROS-TCP-Endpoint) by extension 'ros'
[-1784283749484402944.000s] DEBUG:colcon.colcon_core.package_identification:Package 'src/ROS-TCP-Endpoint' with type 'ros.ament_python' and name 'ros_tcp_endpoint'
[-1784283749484402944.000s] Level 1:colcon.colcon_core.package_identification:_identify(src/math_model) by extensions ['ignore', 'ignore_ament_install']
[-1784283749484402944.000s] Level 1:colcon.colcon_core.package_identification:_identify(src/math_model) by extension 'ignore'
[-1784283749484402944.000s] Level 1:colcon.colcon_core.package_identification:_identify(src/math_model) by extension 'ignore_ament_install'
[-1784283749484402944.000s] Level 1:colcon.colcon_core.package_identification:_identify(src/math_model) by extensions ['colcon_pkg']
[-1784283749484402944.000s] Level 1:colcon.colcon_core.package_identification:_identify(src/math_model) by extension 'colcon_pkg'
[-1784283749484402944.000s] Level 1:colcon.colcon_core.package_identification:_identify(src/math_model) by extensions ['colcon_meta']
[-1784283749484402944.000s] Level 1:colcon.colcon_core.package_identification:_identify(src/math_model) by extension 'colcon_meta'
[-1784283749484402944.000s] Level 1:colcon.colcon_core.package_identification:_identify(src/math_model) by extensions ['ros']
[-1784283749484402944.000s] Level 1:colcon.colcon_core.package_identification:_identify(src/math_model) by extension 'ros'
[-1784283749484402944.000s] DEBUG:colcon.colcon_core.package_identification:Package 'src/math_model' with type 'ros.ament_python' and name 'math_model'
[-1784283749484402944.000s] Level 1:colcon.colcon_core.package_identification:_identify(src/user_defined_interfaces) by extensions ['ignore', 'ignore_ament_install']
[-1784283749484402944.000s] Level 1:colcon.colcon_core.package_identification:_identify(src/user_defined_interfaces) by extension 'ignore'
[-1784283749484402944.000s] Level 1:colcon.colcon_core.package_identification:_identify(src/user_defined_interfaces) by extension 'ignore_ament_install'
[-1784283749484402944.000s] Level 1:colcon.colcon_core.package_identification:_identify(src/user_defined_interfaces) by extensions ['colcon_pkg']
[-1784283749484402944.000s] Level 1:colcon.colcon_core.package_identification:_identify(src/user_defined_interfaces) by extension 'colcon_pkg'
[-1784283749484402944.000s] Level 1:colcon.colcon_core.package_identification:_identify(src/user_defined_interfaces) by extensions ['colcon_meta']
[-1784283749484402944.000s] Level 1:colcon.colcon_core.package_identification:_identify(src/user_defined_interfaces) by extension 'colcon_meta'
[-1784283749484402944.000s] Level 1:colcon.colcon_core.package_identification:_identify(src/user_defined_interfaces) by extensions ['ros']
[-1784283749484402944.000s] Level 1:colcon.colcon_core.package_identification:_identify(src/user_defined_interfaces) by extension 'ros'
[-1784283749484402944.000s] DEBUG:colcon.colcon_core.package_identification:Package 'src/user_defined_interfaces' with type 'ros.ament_cmake' and name 'user_defined_interfaces'
[-1784283749484402944.000s] Level 1:colcon.colcon_core.package_discovery:discover_packages(recursive) using defaults
[-1784283749484402944.000s] Level 1:colcon.colcon_core.package_discovery:discover_packages(ignore) discover
[-1784283749484402944.000s] Level 1:colcon.colcon_core.package_discovery:discover_packages(ignore) using defaults
[-1784283749484402944.000s] Level 1:colcon.colcon_core.package_discovery:discover_packages(path) discover
[-1784283749484402944.000s] Level 1:colcon.colcon_core.package_discovery:discover_packages(path) using defaults
[-1784283749484402944.000s] WARNING:colcon.colcon_core.package_selection:ignoring unknown package 'ROS-TCP-Endpoint' in --packages-select
[-1784283749484402944.000s] INFO:colcon.colcon_core.package_selection:Skipping not selected package 'math_model' in 'src/math_model'
[-1784283749484402944.000s] INFO:colcon.colcon_core.package_selection:Skipping not selected package 'ros_tcp_endpoint' in 'src/ROS-TCP-Endpoint'
[-1784283749484402944.000s] INFO:colcon.colcon_core.package_selection:Skipping not selected package 'user_defined_interfaces' in 'src/user_defined_interfaces'
[-1784283749484402944.000s] Level 1:colcon.colcon_core.package_discovery:discover_packages(prefix_path) check parameters
[-1784283749484402944.000s] Level 1:colcon.colcon_core.package_discovery:discover_packages(prefix_path) discover
[-1784283749484402944.000s] DEBUG:colcon.colcon_installed_package_information.package_discovery:Found 2 installed packages in /home/lyraglow/Projects/BikeDigitalTwin/install
[-1784283749484402944.000s] DEBUG:colcon.colcon_installed_package_information.package_discovery:Found 288 installed packages in /opt/ros/lyrical
[-1784283749484402944.000s] Level 1:colcon.colcon_core.package_discovery:discover_packages(prefix_path) using defaults
[-1784283749484402944.000s] INFO:colcon.colcon_core.executor:Executing jobs using 'parallel' executor
[-1784283749484402944.000s] DEBUG:colcon.colcon_parallel_executor.executor.parallel:run_until_complete
[-1784283749484402944.000s] DEBUG:colcon.colcon_parallel_executor.executor.parallel:closing loop
[-1784283749484402944.000s] DEBUG:colcon.colcon_parallel_executor.executor.parallel:loop closed
[-1784283749484402944.000s] DEBUG:colcon.colcon_parallel_executor.executor.parallel:run_until_complete finished with '0'
[-1784283749484402944.000s] DEBUG:colcon.colcon_core.event_reactor:joining thread
[-1784283749484402944.000s] INFO:colcon.colcon_core.plugin_system:Skipping extension 'colcon_notification.desktop_notification.notify_send': Could not find 'notify-send'
[-1784283749484402944.000s] INFO:colcon.colcon_core.plugin_system:Skipping extension 'colcon_notification.desktop_notification.terminal_notifier': Not used on non-Darwin systems
[-1784283749484402944.000s] INFO:colcon.colcon_core.plugin_system:Skipping extension 'colcon_notification.desktop_notification.win32': Not used on non-Windows systems
[-1784283749484402944.000s] INFO:colcon.colcon_notification.desktop_notification:Sending desktop notification using 'notify2'
[-1784283749484402944.000s] DEBUG:colcon.colcon_notification.desktop_notification.notify2:Failed to initialize notify2: org.freedesktop.DBus.Error.ServiceUnknown: The name org.freedesktop.Notifications was not provided by any .service files
[-1784283749484402944.000s] DEBUG:colcon.colcon_core.event_reactor:joined thread
[-1784283749484402944.000s] INFO:colcon.colcon_core.plugin_system:Skipping extension 'colcon_core.shell.bat': Not used on non-Windows systems
[-1784283749484402944.000s] INFO:colcon.colcon_core.shell:Creating prefix script '/home/lyraglow/Projects/BikeDigitalTwin/install/local_setup.ps1'
[-1784283749484402944.000s] INFO:colcon.colcon_core.shell:Creating prefix util module '/home/lyraglow/Projects/BikeDigitalTwin/install/_local_setup_util_ps1.py'
[-1784283749484402944.000s] INFO:colcon.colcon_core.shell:Creating prefix chain script '/home/lyraglow/Projects/BikeDigitalTwin/install/setup.ps1'
[-1784283749484402944.000s] INFO:colcon.colcon_core.shell:Creating prefix script '/home/lyraglow/Projects/BikeDigitalTwin/install/local_setup.sh'
[-1784283749484402944.000s] INFO:colcon.colcon_core.shell:Creating prefix util module '/home/lyraglow/Projects/BikeDigitalTwin/install/_local_setup_util_sh.py'
[-1784283749484402944.000s] INFO:colcon.colcon_core.shell:Creating prefix chain script '/home/lyraglow/Projects/BikeDigitalTwin/install/setup.sh'
[-1784283749484402944.000s] INFO:colcon.colcon_core.shell:Creating prefix script '/home/lyraglow/Projects/BikeDigitalTwin/install/local_setup.bash'
[-1784283749484402944.000s] INFO:colcon.colcon_core.shell:Creating prefix chain script '/home/lyraglow/Projects/BikeDigitalTwin/install/setup.bash'
[-1784283749484402944.000s] INFO:colcon.colcon_core.shell:Creating prefix script '/home/lyraglow/Projects/BikeDigitalTwin/install/local_setup.zsh'
[-1784283749484402944.000s] INFO:colcon.colcon_core.shell:Creating prefix chain script '/home/lyraglow/Projects/BikeDigitalTwin/install/setup.zsh'
