[-1784282945739719168.000s] DEBUG:colcon:Command line arguments: ['/usr/bin/colcon', 'build']
[-1784282945739719168.000s] DEBUG:colcon:Parsed command line arguments: Namespace(log_base=None, log_level=None, verb_name='build', build_base='build', install_base='install', merge_install=False, symlink_install=False, test_result_base=None, continue_on_error=False, executor='parallel', parallel_workers=32, event_handlers=None, ignore_user_meta=False, metas=['./colcon.meta'], base_paths=['.'], packages_ignore=None, packages_ignore_regex=None, paths=None, packages_up_to=None, packages_up_to_regex=None, packages_above=None, packages_above_and_dependencies=None, packages_above_depth=None, packages_select_by_dep=None, packages_skip_by_dep=None, packages_skip_up_to=None, packages_select_build_failed=False, packages_skip_build_finished=False, packages_select_test_failures=False, packages_skip_test_passed=False, packages_select=None, packages_skip=None, packages_select_regex=None, packages_skip_regex=None, packages_start=None, packages_end=None, allow_overriding=[], cmake_args=None, cmake_target=None, cmake_target_skip_unavailable=False, cmake_clean_cache=False, cmake_clean_first=False, cmake_force_configure=False, ament_cmake_args=None, catkin_cmake_args=None, catkin_skip_building_tests=False, verb_parser=<colcon_defaults.argument_parser.defaults.DefaultArgumentsDecorator object at 0x77ad00a2fb10>, verb_extension=<colcon_core.verb.build.BuildVerb object at 0x77ad00a1f380>, main=<bound method BuildVerb.main of <colcon_core.verb.build.BuildVerb object at 0x77ad00a1f380>>)
[-1784282945739719168.000s] Level 1:colcon.colcon_core.package_discovery:discover_packages(colcon_meta) check parameters
[-1784282945739719168.000s] Level 1:colcon.colcon_core.package_discovery:discover_packages(recursive) check parameters
[-1784282945739719168.000s] Level 1:colcon.colcon_core.package_discovery:discover_packages(ignore) check parameters
[-1784282945739719168.000s] Level 1:colcon.colcon_core.package_discovery:discover_packages(path) check parameters
[-1784282945739719168.000s] Level 1:colcon.colcon_core.package_discovery:discover_packages(colcon_meta) discover
[-1784282945739719168.000s] Level 1:colcon.colcon_core.package_discovery:discover_packages(recursive) discover
[-1784282945739719168.000s] INFO:colcon.colcon_core.package_discovery:Crawling recursively for packages in '/home/lyraglow/Projects/BikeDigitalTwin'
[-1784282945739719168.000s] Level 1:colcon.colcon_core.package_identification:_identify(.) by extensions ['ignore', 'ignore_ament_install']
[-1784282945739719168.000s] Level 1:colcon.colcon_core.package_identification:_identify(.) by extension 'ignore'
[-1784282945739719168.000s] Level 1:colcon.colcon_core.package_identification:_identify(.) by extension 'ignore_ament_install'
[-1784282945739719168.000s] Level 1:colcon.colcon_core.package_identification:_identify(.) by extensions ['colcon_pkg']
[-1784282945739719168.000s] Level 1:colcon.colcon_core.package_identification:_identify(.) by extension 'colcon_pkg'
[-1784282945739719168.000s] Level 1:colcon.colcon_core.package_identification:_identify(.) by extensions ['colcon_meta']
[-1784282945739719168.000s] Level 1:colcon.colcon_core.package_identification:_identify(.) by extension 'colcon_meta'
[-1784282945739719168.000s] Level 1:colcon.colcon_core.package_identification:_identify(.) by extensions ['ros']
[-1784282945739719168.000s] Level 1:colcon.colcon_core.package_identification:_identify(.) by extension 'ros'
[-1784282945739719168.000s] Level 1:colcon.colcon_core.package_identification:_identify(.) by extensions ['cmake', 'python']
[-1784282945739719168.000s] Level 1:colcon.colcon_core.package_identification:_identify(.) by extension 'cmake'
[-1784282945739719168.000s] Level 1:colcon.colcon_core.package_identification:_identify(.) by extension 'python'
[-1784282945739719168.000s] Level 1:colcon.colcon_core.package_identification:_identify(.) by extensions ['python_setup_py']
[-1784282945739719168.000s] Level 1:colcon.colcon_core.package_identification:_identify(.) by extension 'python_setup_py'
[-1784282945739719168.000s] Level 1:colcon.colcon_core.package_identification:_identify(assets) by extensions ['ignore', 'ignore_ament_install']
[-1784282945739719168.000s] Level 1:colcon.colcon_core.package_identification:_identify(assets) by extension 'ignore'
[-1784282945739719168.000s] Level 1:colcon.colcon_core.package_identification:_identify(assets) by extension 'ignore_ament_install'
[-1784282945739719168.000s] Level 1:colcon.colcon_core.package_identification:_identify(assets) by extensions ['colcon_pkg']
[-1784282945739719168.000s] Level 1:colcon.colcon_core.package_identification:_identify(assets) by extension 'colcon_pkg'
[-1784282945739719168.000s] Level 1:colcon.colcon_core.package_identification:_identify(assets) by extensions ['colcon_meta']
[-1784282945739719168.000s] Level 1:colcon.colcon_core.package_identification:_identify(assets) by extension 'colcon_meta'
[-1784282945739719168.000s] Level 1:colcon.colcon_core.package_identification:_identify(assets) by extensions ['ros']
[-1784282945739719168.000s] Level 1:colcon.colcon_core.package_identification:_identify(assets) by extension 'ros'
[-1784282945739719168.000s] Level 1:colcon.colcon_core.package_identification:_identify(assets) by extensions ['cmake', 'python']
[-1784282945739719168.000s] Level 1:colcon.colcon_core.package_identification:_identify(assets) by extension 'cmake'
[-1784282945739719168.000s] Level 1:colcon.colcon_core.package_identification:_identify(assets) by extension 'python'
[-1784282945739719168.000s] Level 1:colcon.colcon_core.package_identification:_identify(assets) by extensions ['python_setup_py']
[-1784282945739719168.000s] Level 1:colcon.colcon_core.package_identification:_identify(assets) by extension 'python_setup_py'
[-1784282945739719168.000s] Level 1:colcon.colcon_core.package_identification:_identify(assets/img) by extensions ['ignore', 'ignore_ament_install']
[-1784282945739719168.000s] Level 1:colcon.colcon_core.package_identification:_identify(assets/img) by extension 'ignore'
[-1784282945739719168.000s] Level 1:colcon.colcon_core.package_identification:_identify(assets/img) by extension 'ignore_ament_install'
[-1784282945739719168.000s] Level 1:colcon.colcon_core.package_identification:_identify(assets/img) by extensions ['colcon_pkg']
[-1784282945739719168.000s] Level 1:colcon.colcon_core.package_identification:_identify(assets/img) by extension 'colcon_pkg'
[-1784282945739719168.000s] Level 1:colcon.colcon_core.package_identification:_identify(assets/img) by extensions ['colcon_meta']
[-1784282945739719168.000s] Level 1:colcon.colcon_core.package_identification:_identify(assets/img) by extension 'colcon_meta'
[-1784282945739719168.000s] Level 1:colcon.colcon_core.package_identification:_identify(assets/img) by extensions ['ros']
[-1784282945739719168.000s] Level 1:colcon.colcon_core.package_identification:_identify(assets/img) by extension 'ros'
[-1784282945739719168.000s] Level 1:colcon.colcon_core.package_identification:_identify(assets/img) by extensions ['cmake', 'python']
[-1784282945739719168.000s] Level 1:colcon.colcon_core.package_identification:_identify(assets/img) by extension 'cmake'
[-1784282945739719168.000s] Level 1:colcon.colcon_core.package_identification:_identify(assets/img) by extension 'python'
[-1784282945739719168.000s] Level 1:colcon.colcon_core.package_identification:_identify(assets/img) by extensions ['python_setup_py']
[-1784282945739719168.000s] Level 1:colcon.colcon_core.package_identification:_identify(assets/img) by extension 'python_setup_py'
[-1784282945739719168.000s] Level 1:colcon.colcon_core.package_identification:_identify(build) by extensions ['ignore', 'ignore_ament_install']
[-1784282945739719168.000s] Level 1:colcon.colcon_core.package_identification:_identify(build) by extension 'ignore'
[-1784282945739719168.000s] Level 1:colcon.colcon_core.package_identification:_identify(build) ignored
[-1784282945739719168.000s] Level 1:colcon.colcon_core.package_identification:_identify(install) by extensions ['ignore', 'ignore_ament_install']
[-1784282945739719168.000s] Level 1:colcon.colcon_core.package_identification:_identify(install) by extension 'ignore'
[-1784282945739719168.000s] Level 1:colcon.colcon_core.package_identification:_identify(install) ignored
[-1784282945739719168.000s] Level 1:colcon.colcon_core.package_identification:_identify(log) by extensions ['ignore', 'ignore_ament_install']
[-1784282945739719168.000s] Level 1:colcon.colcon_core.package_identification:_identify(log) by extension 'ignore'
[-1784282945739719168.000s] Level 1:colcon.colcon_core.package_identification:_identify(log) ignored
[-1784282945739719168.000s] Level 1:colcon.colcon_core.package_identification:_identify(src) by extensions ['ignore', 'ignore_ament_install']
[-1784282945739719168.000s] Level 1:colcon.colcon_core.package_identification:_identify(src) by extension 'ignore'
[-1784282945739719168.000s] Level 1:colcon.colcon_core.package_identification:_identify(src) by extension 'ignore_ament_install'
[-1784282945739719168.000s] Level 1:colcon.colcon_core.package_identification:_identify(src) by extensions ['colcon_pkg']
[-1784282945739719168.000s] Level 1:colcon.colcon_core.package_identification:_identify(src) by extension 'colcon_pkg'
[-1784282945739719168.000s] Level 1:colcon.colcon_core.package_identification:_identify(src) by extensions ['colcon_meta']
[-1784282945739719168.000s] Level 1:colcon.colcon_core.package_identification:_identify(src) by extension 'colcon_meta'
[-1784282945739719168.000s] Level 1:colcon.colcon_core.package_identification:_identify(src) by extensions ['ros']
[-1784282945739719168.000s] Level 1:colcon.colcon_core.package_identification:_identify(src) by extension 'ros'
[-1784282945739719168.000s] Level 1:colcon.colcon_core.package_identification:_identify(src) by extensions ['cmake', 'python']
[-1784282945739719168.000s] Level 1:colcon.colcon_core.package_identification:_identify(src) by extension 'cmake'
[-1784282945739719168.000s] Level 1:colcon.colcon_core.package_identification:_identify(src) by extension 'python'
[-1784282945739719168.000s] Level 1:colcon.colcon_core.package_identification:_identify(src) by extensions ['python_setup_py']
[-1784282945739719168.000s] Level 1:colcon.colcon_core.package_identification:_identify(src) by extension 'python_setup_py'
[-1784282945739719168.000s] Level 1:colcon.colcon_core.package_identification:_identify(src/math_model) by extensions ['ignore', 'ignore_ament_install']
[-1784282945739719168.000s] Level 1:colcon.colcon_core.package_identification:_identify(src/math_model) by extension 'ignore'
[-1784282945739719168.000s] Level 1:colcon.colcon_core.package_identification:_identify(src/math_model) by extension 'ignore_ament_install'
[-1784282945739719168.000s] Level 1:colcon.colcon_core.package_identification:_identify(src/math_model) by extensions ['colcon_pkg']
[-1784282945739719168.000s] Level 1:colcon.colcon_core.package_identification:_identify(src/math_model) by extension 'colcon_pkg'
[-1784282945739719168.000s] Level 1:colcon.colcon_core.package_identification:_identify(src/math_model) by extensions ['colcon_meta']
[-1784282945739719168.000s] Level 1:colcon.colcon_core.package_identification:_identify(src/math_model) by extension 'colcon_meta'
[-1784282945739719168.000s] Level 1:colcon.colcon_core.package_identification:_identify(src/math_model) by extensions ['ros']
[-1784282945739719168.000s] Level 1:colcon.colcon_core.package_identification:_identify(src/math_model) by extension 'ros'
[-1784282945739719168.000s] DEBUG:colcon.colcon_core.package_identification:Package 'src/math_model' with type 'ros.ament_python' and name 'math_model'
[-1784282945739719168.000s] Level 1:colcon.colcon_core.package_identification:_identify(src/user_defined_interfaces) by extensions ['ignore', 'ignore_ament_install']
[-1784282945739719168.000s] Level 1:colcon.colcon_core.package_identification:_identify(src/user_defined_interfaces) by extension 'ignore'
[-1784282945739719168.000s] Level 1:colcon.colcon_core.package_identification:_identify(src/user_defined_interfaces) by extension 'ignore_ament_install'
[-1784282945739719168.000s] Level 1:colcon.colcon_core.package_identification:_identify(src/user_defined_interfaces) by extensions ['colcon_pkg']
[-1784282945739719168.000s] Level 1:colcon.colcon_core.package_identification:_identify(src/user_defined_interfaces) by extension 'colcon_pkg'
[-1784282945739719168.000s] Level 1:colcon.colcon_core.package_identification:_identify(src/user_defined_interfaces) by extensions ['colcon_meta']
[-1784282945739719168.000s] Level 1:colcon.colcon_core.package_identification:_identify(src/user_defined_interfaces) by extension 'colcon_meta'
[-1784282945739719168.000s] Level 1:colcon.colcon_core.package_identification:_identify(src/user_defined_interfaces) by extensions ['ros']
[-1784282945739719168.000s] Level 1:colcon.colcon_core.package_identification:_identify(src/user_defined_interfaces) by extension 'ros'
[-1784282945739719168.000s] DEBUG:colcon.colcon_core.package_identification:Package 'src/user_defined_interfaces' with type 'ros.ament_cmake' and name 'user_defined_interfaces'
[-1784282945739719168.000s] Level 1:colcon.colcon_core.package_discovery:discover_packages(recursive) using defaults
[-1784282945739719168.000s] Level 1:colcon.colcon_core.package_discovery:discover_packages(ignore) discover
[-1784282945739719168.000s] Level 1:colcon.colcon_core.package_discovery:discover_packages(ignore) using defaults
[-1784282945739719168.000s] Level 1:colcon.colcon_core.package_discovery:discover_packages(path) discover
[-1784282945739719168.000s] Level 1:colcon.colcon_core.package_discovery:discover_packages(path) using defaults
[-1784282945739719168.000s] Level 1:colcon.colcon_core.package_discovery:discover_packages(prefix_path) check parameters
[-1784282945739719168.000s] Level 1:colcon.colcon_core.package_discovery:discover_packages(prefix_path) discover
[-1784282945739719168.000s] DEBUG:colcon.colcon_installed_package_information.package_discovery:Found 2 installed packages in /home/lyraglow/Projects/BikeDigitalTwin/install
[-1784282945739719168.000s] DEBUG:colcon.colcon_installed_package_information.package_discovery:Found 288 installed packages in /opt/ros/lyrical
[-1784282945739719168.000s] Level 1:colcon.colcon_core.package_discovery:discover_packages(prefix_path) using defaults
[-1784282945739719168.000s] Level 5:colcon.colcon_core.verb:set package 'math_model' build argument 'cmake_args' from command line to 'None'
[-1784282945739719168.000s] Level 5:colcon.colcon_core.verb:set package 'math_model' build argument 'cmake_target' from command line to 'None'
[-1784282945739719168.000s] Level 5:colcon.colcon_core.verb:set package 'math_model' build argument 'cmake_target_skip_unavailable' from command line to 'False'
[-1784282945739719168.000s] Level 5:colcon.colcon_core.verb:set package 'math_model' build argument 'cmake_clean_cache' from command line to 'False'
[-1784282945739719168.000s] Level 5:colcon.colcon_core.verb:set package 'math_model' build argument 'cmake_clean_first' from command line to 'False'
[-1784282945739719168.000s] Level 5:colcon.colcon_core.verb:set package 'math_model' build argument 'cmake_force_configure' from command line to 'False'
[-1784282945739719168.000s] Level 5:colcon.colcon_core.verb:set package 'math_model' build argument 'ament_cmake_args' from command line to 'None'
[-1784282945739719168.000s] Level 5:colcon.colcon_core.verb:set package 'math_model' build argument 'catkin_cmake_args' from command line to 'None'
[-1784282945739719168.000s] Level 5:colcon.colcon_core.verb:set package 'math_model' build argument 'catkin_skip_building_tests' from command line to 'False'
[-1784282945739719168.000s] DEBUG:colcon.colcon_core.verb:Building package 'math_model' with the following arguments: {'ament_cmake_args': None, 'build_base': '/home/lyraglow/Projects/BikeDigitalTwin/build/math_model', 'catkin_cmake_args': None, 'catkin_skip_building_tests': False, 'cmake_args': None, 'cmake_clean_cache': False, 'cmake_clean_first': False, 'cmake_force_configure': False, 'cmake_target': None, 'cmake_target_skip_unavailable': False, 'install_base': '/home/lyraglow/Projects/BikeDigitalTwin/install/math_model', 'merge_install': False, 'path': '/home/lyraglow/Projects/BikeDigitalTwin/src/math_model', 'symlink_install': False, 'test_result_base': None}
[-1784282945739719168.000s] Level 5:colcon.colcon_core.verb:set package 'user_defined_interfaces' build argument 'cmake_args' from command line to 'None'
[-1784282945739719168.000s] Level 5:colcon.colcon_core.verb:set package 'user_defined_interfaces' build argument 'cmake_target' from command line to 'None'
[-1784282945739719168.000s] Level 5:colcon.colcon_core.verb:set package 'user_defined_interfaces' build argument 'cmake_target_skip_unavailable' from command line to 'False'
[-1784282945739719168.000s] Level 5:colcon.colcon_core.verb:set package 'user_defined_interfaces' build argument 'cmake_clean_cache' from command line to 'False'
[-1784282945739719168.000s] Level 5:colcon.colcon_core.verb:set package 'user_defined_interfaces' build argument 'cmake_clean_first' from command line to 'False'
[-1784282945739719168.000s] Level 5:colcon.colcon_core.verb:set package 'user_defined_interfaces' build argument 'cmake_force_configure' from command line to 'False'
[-1784282945739719168.000s] Level 5:colcon.colcon_core.verb:set package 'user_defined_interfaces' build argument 'ament_cmake_args' from command line to 'None'
[-1784282945739719168.000s] Level 5:colcon.colcon_core.verb:set package 'user_defined_interfaces' build argument 'catkin_cmake_args' from command line to 'None'
[-1784282945739719168.000s] Level 5:colcon.colcon_core.verb:set package 'user_defined_interfaces' build argument 'catkin_skip_building_tests' from command line to 'False'
[-1784282945739719168.000s] DEBUG:colcon.colcon_core.verb:Building package 'user_defined_interfaces' with the following arguments: {'ament_cmake_args': None, 'build_base': '/home/lyraglow/Projects/BikeDigitalTwin/build/user_defined_interfaces', 'catkin_cmake_args': None, 'catkin_skip_building_tests': False, 'cmake_args': None, 'cmake_clean_cache': False, 'cmake_clean_first': False, 'cmake_force_configure': False, 'cmake_target': None, 'cmake_target_skip_unavailable': False, 'install_base': '/home/lyraglow/Projects/BikeDigitalTwin/install/user_defined_interfaces', 'merge_install': False, 'path': '/home/lyraglow/Projects/BikeDigitalTwin/src/user_defined_interfaces', 'symlink_install': False, 'test_result_base': None}
[-1784282945739719168.000s] INFO:colcon.colcon_core.executor:Executing jobs using 'parallel' executor
[-1784282945739719168.000s] DEBUG:colcon.colcon_parallel_executor.executor.parallel:run_until_complete
[-1784282945739719168.000s] INFO:colcon.colcon_ros.task.ament_python.build:Building ROS package in '/home/lyraglow/Projects/BikeDigitalTwin/src/math_model' with build type 'ament_python'
[-1784282945739719168.000s] Level 1:colcon.colcon_core.shell:create_environment_hook('math_model', 'ament_prefix_path')
[-1784282945739719168.000s] INFO:colcon.colcon_core.plugin_system:Skipping extension 'colcon_core.shell.bat': Not used on non-Windows systems
[-1784282945739719168.000s] INFO:colcon.colcon_core.shell:Creating environment hook '/home/lyraglow/Projects/BikeDigitalTwin/install/math_model/share/math_model/hook/ament_prefix_path.ps1'
[-1784282945739719168.000s] INFO:colcon.colcon_core.shell:Creating environment descriptor '/home/lyraglow/Projects/BikeDigitalTwin/install/math_model/share/math_model/hook/ament_prefix_path.dsv'
[-1784282945739719168.000s] INFO:colcon.colcon_core.shell:Creating environment hook '/home/lyraglow/Projects/BikeDigitalTwin/install/math_model/share/math_model/hook/ament_prefix_path.sh'
[-1784282945739719168.000s] INFO:colcon.colcon_core.shell:Skip shell extension 'powershell' for command environment: Not usable outside of PowerShell
[-1784282945739719168.000s] DEBUG:colcon.colcon_core.shell:Skip shell extension 'dsv' for command environment
[-1784282945739719168.000s] INFO:colcon.colcon_ros.task.ament_cmake.build:Building ROS package in '/home/lyraglow/Projects/BikeDigitalTwin/src/user_defined_interfaces' with build type 'ament_cmake'
[-1784282945739719168.000s] INFO:colcon.colcon_cmake.task.cmake.build:Building CMake package in '/home/lyraglow/Projects/BikeDigitalTwin/src/user_defined_interfaces'
[-1784282945739719168.000s] INFO:colcon.colcon_core.shell:Skip shell extension 'powershell' for command environment: Not usable outside of PowerShell
[-1784282945739719168.000s] DEBUG:colcon.colcon_core.shell:Skip shell extension 'dsv' for command environment
[-1784282945739719168.000s] INFO:colcon.colcon_core.task.python.build:Building Python package in '/home/lyraglow/Projects/BikeDigitalTwin/src/math_model'
[-1784282945739719168.000s] INFO:colcon.colcon_core.shell:Skip shell extension 'powershell' for command environment: Not usable outside of PowerShell
[-1784282945739719168.000s] DEBUG:colcon.colcon_core.shell:Skip shell extension 'dsv' for command environment
[-1784282945739719168.000s] DEBUG:colcon.colcon_core.event_handler.log_command:Invoking command in '/home/lyraglow/Projects/BikeDigitalTwin/build/user_defined_interfaces': CMAKE_PREFIX_PATH=${CMAKE_PREFIX_PATH}:/home/lyraglow/Projects/BikeDigitalTwin/install/math_model:/opt/ros/lyrical /usr/bin/cmake --build /home/lyraglow/Projects/BikeDigitalTwin/build/user_defined_interfaces -- -j32 -l32
[-1784282945739719168.000s] DEBUG:colcon.colcon_core.task.python.build:Available setuptools commands: develop, compile_catalog, update_catalog, bdist_wheel, init_catalog, symlink_data, sdist, install_data, setopt, build_scripts, editable_wheel, build, install_scripts, build_ext, egg_info, extract_messages, bdist_rpm, easy_install, build_py, install_egg_info, bdist_egg, rotate, check, alias, saveopts, clean, bdist, install_headers, build_clib, bdist_dumb, install, dist_info, install_lib
[-1784282945739719168.000s] DEBUG:colcon.colcon_core.event_handler.log_command:Invoking command in '/home/lyraglow/Projects/BikeDigitalTwin/src/math_model': PYTHONPATH=/home/lyraglow/Projects/BikeDigitalTwin/build/math_model/prefix_override:/usr/lib/python3/dist-packages/colcon_core/task/python/colcon_distutils_commands:/home/lyraglow/Projects/BikeDigitalTwin/install/math_model/lib/python3.14/site-packages:${PYTHONPATH} /usr/bin/python3 -W ignore:setup.py install is deprecated -W ignore:easy_install command is deprecated setup.py egg_info --egg-base ../../build/math_model build --build-base /home/lyraglow/Projects/BikeDigitalTwin/build/math_model/build install --record /home/lyraglow/Projects/BikeDigitalTwin/build/math_model/install.log --install-scripts $base/lib/math_model --single-version-externally-managed install_data
[-1784282945739719168.000s] DEBUG:colcon.colcon_core.event_handler.log_command:Invoked command in '/home/lyraglow/Projects/BikeDigitalTwin/build/user_defined_interfaces' returned '0': CMAKE_PREFIX_PATH=${CMAKE_PREFIX_PATH}:/home/lyraglow/Projects/BikeDigitalTwin/install/math_model:/opt/ros/lyrical /usr/bin/cmake --build /home/lyraglow/Projects/BikeDigitalTwin/build/user_defined_interfaces -- -j32 -l32
[-1784282945739719168.000s] DEBUG:colcon.colcon_core.event_handler.log_command:Invoking command in '/home/lyraglow/Projects/BikeDigitalTwin/build/user_defined_interfaces': CMAKE_PREFIX_PATH=${CMAKE_PREFIX_PATH}:/home/lyraglow/Projects/BikeDigitalTwin/install/math_model:/opt/ros/lyrical /usr/bin/cmake --install /home/lyraglow/Projects/BikeDigitalTwin/build/user_defined_interfaces
[-1784282945739719168.000s] Level 1:colcon.colcon_core.environment:create_environment_scripts_only(user_defined_interfaces)
[-1784282945739719168.000s] DEBUG:colcon.colcon_core.event_handler.log_command:Invoked command in '/home/lyraglow/Projects/BikeDigitalTwin/build/user_defined_interfaces' returned '0': CMAKE_PREFIX_PATH=${CMAKE_PREFIX_PATH}:/home/lyraglow/Projects/BikeDigitalTwin/install/math_model:/opt/ros/lyrical /usr/bin/cmake --install /home/lyraglow/Projects/BikeDigitalTwin/build/user_defined_interfaces
[-1784282945739719168.000s] Level 1:colcon.colcon_core.environment:checking '/home/lyraglow/Projects/BikeDigitalTwin/install/user_defined_interfaces' for CMake module files
[-1784282945739719168.000s] Level 1:colcon.colcon_core.environment:checking '/home/lyraglow/Projects/BikeDigitalTwin/install/user_defined_interfaces' for CMake config files
[-1784282945739719168.000s] Level 1:colcon.colcon_core.shell:create_environment_hook('user_defined_interfaces', 'cmake_prefix_path')
[-1784282945739719168.000s] INFO:colcon.colcon_core.shell:Creating environment hook '/home/lyraglow/Projects/BikeDigitalTwin/install/user_defined_interfaces/share/user_defined_interfaces/hook/cmake_prefix_path.ps1'
[-1784282945739719168.000s] INFO:colcon.colcon_core.shell:Creating environment descriptor '/home/lyraglow/Projects/BikeDigitalTwin/install/user_defined_interfaces/share/user_defined_interfaces/hook/cmake_prefix_path.dsv'
[-1784282945739719168.000s] INFO:colcon.colcon_core.shell:Creating environment hook '/home/lyraglow/Projects/BikeDigitalTwin/install/user_defined_interfaces/share/user_defined_interfaces/hook/cmake_prefix_path.sh'
[-1784282945739719168.000s] Level 1:colcon.colcon_core.environment:checking '/home/lyraglow/Projects/BikeDigitalTwin/install/user_defined_interfaces/lib'
[-1784282945739719168.000s] Level 1:colcon.colcon_core.shell:create_environment_hook('user_defined_interfaces', 'ld_library_path_lib')
[-1784282945739719168.000s] INFO:colcon.colcon_core.shell:Creating environment hook '/home/lyraglow/Projects/BikeDigitalTwin/install/user_defined_interfaces/share/user_defined_interfaces/hook/ld_library_path_lib.ps1'
[-1784282945739719168.000s] INFO:colcon.colcon_core.shell:Creating environment descriptor '/home/lyraglow/Projects/BikeDigitalTwin/install/user_defined_interfaces/share/user_defined_interfaces/hook/ld_library_path_lib.dsv'
[-1784282945739719168.000s] INFO:colcon.colcon_core.shell:Creating environment hook '/home/lyraglow/Projects/BikeDigitalTwin/install/user_defined_interfaces/share/user_defined_interfaces/hook/ld_library_path_lib.sh'
[-1784282945739719168.000s] Level 1:colcon.colcon_core.environment:checking '/home/lyraglow/Projects/BikeDigitalTwin/install/user_defined_interfaces/bin'
[-1784282945739719168.000s] Level 1:colcon.colcon_core.environment:checking '/home/lyraglow/Projects/BikeDigitalTwin/install/user_defined_interfaces/lib/pkgconfig/user_defined_interfaces.pc'
[-1784282945739719168.000s] Level 1:colcon.colcon_core.environment:checking '/home/lyraglow/Projects/BikeDigitalTwin/install/user_defined_interfaces/lib/python3.14/site-packages'
[-1784282945739719168.000s] Level 1:colcon.colcon_core.shell:create_environment_hook('user_defined_interfaces', 'pythonpath')
[-1784282945739719168.000s] INFO:colcon.colcon_core.shell:Creating environment hook '/home/lyraglow/Projects/BikeDigitalTwin/install/user_defined_interfaces/share/user_defined_interfaces/hook/pythonpath.ps1'
[-1784282945739719168.000s] INFO:colcon.colcon_core.shell:Creating environment descriptor '/home/lyraglow/Projects/BikeDigitalTwin/install/user_defined_interfaces/share/user_defined_interfaces/hook/pythonpath.dsv'
[-1784282945739719168.000s] INFO:colcon.colcon_core.shell:Creating environment hook '/home/lyraglow/Projects/BikeDigitalTwin/install/user_defined_interfaces/share/user_defined_interfaces/hook/pythonpath.sh'
[-1784282945739719168.000s] Level 1:colcon.colcon_core.environment:checking '/home/lyraglow/Projects/BikeDigitalTwin/install/user_defined_interfaces/bin'
[-1784282945739719168.000s] INFO:colcon.colcon_core.shell:Creating package script '/home/lyraglow/Projects/BikeDigitalTwin/install/user_defined_interfaces/share/user_defined_interfaces/package.ps1'
[-1784282945739719168.000s] INFO:colcon.colcon_core.shell:Creating package descriptor '/home/lyraglow/Projects/BikeDigitalTwin/install/user_defined_interfaces/share/user_defined_interfaces/package.dsv'
[-1784282945739719168.000s] INFO:colcon.colcon_core.shell:Creating package script '/home/lyraglow/Projects/BikeDigitalTwin/install/user_defined_interfaces/share/user_defined_interfaces/package.sh'
[-1784282945739719168.000s] INFO:colcon.colcon_core.shell:Creating package script '/home/lyraglow/Projects/BikeDigitalTwin/install/user_defined_interfaces/share/user_defined_interfaces/package.bash'
[-1784282945739719168.000s] INFO:colcon.colcon_core.shell:Creating package script '/home/lyraglow/Projects/BikeDigitalTwin/install/user_defined_interfaces/share/user_defined_interfaces/package.zsh'
[-1784282945739719168.000s] Level 1:colcon.colcon_core.environment:create_file_with_runtime_dependencies(/home/lyraglow/Projects/BikeDigitalTwin/install/user_defined_interfaces/share/colcon-core/packages/user_defined_interfaces)
[-1784282945739719168.000s] Level 1:colcon.colcon_core.environment:create_environment_scripts_only(user_defined_interfaces)
[-1784282945739719168.000s] Level 1:colcon.colcon_core.environment:checking '/home/lyraglow/Projects/BikeDigitalTwin/install/user_defined_interfaces' for CMake module files
[-1784282945739719168.000s] Level 1:colcon.colcon_core.environment:checking '/home/lyraglow/Projects/BikeDigitalTwin/install/user_defined_interfaces' for CMake config files
[-1784282945739719168.000s] Level 1:colcon.colcon_core.shell:create_environment_hook('user_defined_interfaces', 'cmake_prefix_path')
[-1784282945739719168.000s] INFO:colcon.colcon_core.shell:Creating environment hook '/home/lyraglow/Projects/BikeDigitalTwin/install/user_defined_interfaces/share/user_defined_interfaces/hook/cmake_prefix_path.ps1'
[-1784282945739719168.000s] INFO:colcon.colcon_core.shell:Creating environment descriptor '/home/lyraglow/Projects/BikeDigitalTwin/install/user_defined_interfaces/share/user_defined_interfaces/hook/cmake_prefix_path.dsv'
[-1784282945739719168.000s] INFO:colcon.colcon_core.shell:Creating environment hook '/home/lyraglow/Projects/BikeDigitalTwin/install/user_defined_interfaces/share/user_defined_interfaces/hook/cmake_prefix_path.sh'
[-1784282945739719168.000s] Level 1:colcon.colcon_core.environment:checking '/home/lyraglow/Projects/BikeDigitalTwin/install/user_defined_interfaces/lib'
[-1784282945739719168.000s] Level 1:colcon.colcon_core.shell:create_environment_hook('user_defined_interfaces', 'ld_library_path_lib')
[-1784282945739719168.000s] INFO:colcon.colcon_core.shell:Creating environment hook '/home/lyraglow/Projects/BikeDigitalTwin/install/user_defined_interfaces/share/user_defined_interfaces/hook/ld_library_path_lib.ps1'
[-1784282945739719168.000s] INFO:colcon.colcon_core.shell:Creating environment descriptor '/home/lyraglow/Projects/BikeDigitalTwin/install/user_defined_interfaces/share/user_defined_interfaces/hook/ld_library_path_lib.dsv'
[-1784282945739719168.000s] INFO:colcon.colcon_core.shell:Creating environment hook '/home/lyraglow/Projects/BikeDigitalTwin/install/user_defined_interfaces/share/user_defined_interfaces/hook/ld_library_path_lib.sh'
[-1784282945739719168.000s] Level 1:colcon.colcon_core.environment:checking '/home/lyraglow/Projects/BikeDigitalTwin/install/user_defined_interfaces/bin'
[-1784282945739719168.000s] Level 1:colcon.colcon_core.environment:checking '/home/lyraglow/Projects/BikeDigitalTwin/install/user_defined_interfaces/lib/pkgconfig/user_defined_interfaces.pc'
[-1784282945739719168.000s] Level 1:colcon.colcon_core.environment:checking '/home/lyraglow/Projects/BikeDigitalTwin/install/user_defined_interfaces/lib/python3.14/site-packages'
[-1784282945739719168.000s] Level 1:colcon.colcon_core.shell:create_environment_hook('user_defined_interfaces', 'pythonpath')
[-1784282945739719168.000s] INFO:colcon.colcon_core.shell:Creating environment hook '/home/lyraglow/Projects/BikeDigitalTwin/install/user_defined_interfaces/share/user_defined_interfaces/hook/pythonpath.ps1'
[-1784282945739719168.000s] INFO:colcon.colcon_core.shell:Creating environment descriptor '/home/lyraglow/Projects/BikeDigitalTwin/install/user_defined_interfaces/share/user_defined_interfaces/hook/pythonpath.dsv'
[-1784282945739719168.000s] INFO:colcon.colcon_core.shell:Creating environment hook '/home/lyraglow/Projects/BikeDigitalTwin/install/user_defined_interfaces/share/user_defined_interfaces/hook/pythonpath.sh'
[-1784282945739719168.000s] Level 1:colcon.colcon_core.environment:checking '/home/lyraglow/Projects/BikeDigitalTwin/install/user_defined_interfaces/bin'
[-1784282945739719168.000s] INFO:colcon.colcon_core.shell:Creating package script '/home/lyraglow/Projects/BikeDigitalTwin/install/user_defined_interfaces/share/user_defined_interfaces/package.ps1'
[-1784282945739719168.000s] INFO:colcon.colcon_core.shell:Creating package descriptor '/home/lyraglow/Projects/BikeDigitalTwin/install/user_defined_interfaces/share/user_defined_interfaces/package.dsv'
[-1784282945739719168.000s] INFO:colcon.colcon_core.shell:Creating package script '/home/lyraglow/Projects/BikeDigitalTwin/install/user_defined_interfaces/share/user_defined_interfaces/package.sh'
[-1784282945739719168.000s] INFO:colcon.colcon_core.shell:Creating package script '/home/lyraglow/Projects/BikeDigitalTwin/install/user_defined_interfaces/share/user_defined_interfaces/package.bash'
[-1784282945739719168.000s] INFO:colcon.colcon_core.shell:Creating package script '/home/lyraglow/Projects/BikeDigitalTwin/install/user_defined_interfaces/share/user_defined_interfaces/package.zsh'
[-1784282945739719168.000s] Level 1:colcon.colcon_core.environment:create_file_with_runtime_dependencies(/home/lyraglow/Projects/BikeDigitalTwin/install/user_defined_interfaces/share/colcon-core/packages/user_defined_interfaces)
[-1784282945739719168.000s] Level 1:colcon.colcon_core.environment:checking '/home/lyraglow/Projects/BikeDigitalTwin/install/math_model' for CMake module files
[-1784282945739719168.000s] DEBUG:colcon.colcon_core.event_handler.log_command:Invoked command in '/home/lyraglow/Projects/BikeDigitalTwin/src/math_model' returned '0': PYTHONPATH=/home/lyraglow/Projects/BikeDigitalTwin/build/math_model/prefix_override:/usr/lib/python3/dist-packages/colcon_core/task/python/colcon_distutils_commands:/home/lyraglow/Projects/BikeDigitalTwin/install/math_model/lib/python3.14/site-packages:${PYTHONPATH} /usr/bin/python3 -W ignore:setup.py install is deprecated -W ignore:easy_install command is deprecated setup.py egg_info --egg-base ../../build/math_model build --build-base /home/lyraglow/Projects/BikeDigitalTwin/build/math_model/build install --record /home/lyraglow/Projects/BikeDigitalTwin/build/math_model/install.log --install-scripts $base/lib/math_model --single-version-externally-managed install_data
[-1784282945739719168.000s] Level 1:colcon.colcon_core.environment:checking '/home/lyraglow/Projects/BikeDigitalTwin/install/math_model' for CMake config files
[-1784282945739719168.000s] Level 1:colcon.colcon_core.environment:checking '/home/lyraglow/Projects/BikeDigitalTwin/install/math_model/lib'
[-1784282945739719168.000s] Level 1:colcon.colcon_core.environment:checking '/home/lyraglow/Projects/BikeDigitalTwin/install/math_model/bin'
[-1784282945739719168.000s] Level 1:colcon.colcon_core.environment:checking '/home/lyraglow/Projects/BikeDigitalTwin/install/math_model/lib/pkgconfig/math_model.pc'
[-1784282945739719168.000s] Level 1:colcon.colcon_core.environment:checking '/home/lyraglow/Projects/BikeDigitalTwin/install/math_model/lib/python3.14/site-packages'
[-1784282945739719168.000s] Level 1:colcon.colcon_core.shell:create_environment_hook('math_model', 'pythonpath')
[-1784282945739719168.000s] INFO:colcon.colcon_core.shell:Creating environment hook '/home/lyraglow/Projects/BikeDigitalTwin/install/math_model/share/math_model/hook/pythonpath.ps1'
[-1784282945739719168.000s] INFO:colcon.colcon_core.shell:Creating environment descriptor '/home/lyraglow/Projects/BikeDigitalTwin/install/math_model/share/math_model/hook/pythonpath.dsv'
[-1784282945739719168.000s] INFO:colcon.colcon_core.shell:Creating environment hook '/home/lyraglow/Projects/BikeDigitalTwin/install/math_model/share/math_model/hook/pythonpath.sh'
[-1784282945739719168.000s] Level 1:colcon.colcon_core.environment:checking '/home/lyraglow/Projects/BikeDigitalTwin/install/math_model/bin'
[-1784282945739719168.000s] Level 1:colcon.colcon_core.environment:create_environment_scripts_only(math_model)
[-1784282945739719168.000s] INFO:colcon.colcon_core.shell:Creating package script '/home/lyraglow/Projects/BikeDigitalTwin/install/math_model/share/math_model/package.ps1'
[-1784282945739719168.000s] INFO:colcon.colcon_core.shell:Creating package descriptor '/home/lyraglow/Projects/BikeDigitalTwin/install/math_model/share/math_model/package.dsv'
[-1784282945739719168.000s] INFO:colcon.colcon_core.shell:Creating package script '/home/lyraglow/Projects/BikeDigitalTwin/install/math_model/share/math_model/package.sh'
[-1784282945739719168.000s] INFO:colcon.colcon_core.shell:Creating package script '/home/lyraglow/Projects/BikeDigitalTwin/install/math_model/share/math_model/package.bash'
[-1784282945739719168.000s] INFO:colcon.colcon_core.shell:Creating package script '/home/lyraglow/Projects/BikeDigitalTwin/install/math_model/share/math_model/package.zsh'
[-1784282945739719168.000s] Level 1:colcon.colcon_core.environment:create_file_with_runtime_dependencies(/home/lyraglow/Projects/BikeDigitalTwin/install/math_model/share/colcon-core/packages/math_model)
[-1784282945739719168.000s] DEBUG:colcon.colcon_parallel_executor.executor.parallel:closing loop
[-1784282945739719168.000s] DEBUG:colcon.colcon_parallel_executor.executor.parallel:loop closed
[-1784282945739719168.000s] DEBUG:colcon.colcon_parallel_executor.executor.parallel:run_until_complete finished with '0'
[-1784282945739719168.000s] DEBUG:colcon.colcon_core.event_reactor:joining thread
[-1784282945739719168.000s] INFO:colcon.colcon_core.plugin_system:Skipping extension 'colcon_notification.desktop_notification.notify_send': Could not find 'notify-send'
[-1784282945739719168.000s] INFO:colcon.colcon_core.plugin_system:Skipping extension 'colcon_notification.desktop_notification.terminal_notifier': Not used on non-Darwin systems
[-1784282945739719168.000s] INFO:colcon.colcon_core.plugin_system:Skipping extension 'colcon_notification.desktop_notification.win32': Not used on non-Windows systems
[-1784282945739719168.000s] INFO:colcon.colcon_notification.desktop_notification:Sending desktop notification using 'notify2'
[-1784282945739719168.000s] DEBUG:colcon.colcon_notification.desktop_notification.notify2:Failed to initialize notify2: org.freedesktop.DBus.Error.ServiceUnknown: The name org.freedesktop.Notifications was not provided by any .service files
[-1784282945739719168.000s] DEBUG:colcon.colcon_core.event_reactor:joined thread
[-1784282945739719168.000s] INFO:colcon.colcon_core.shell:Creating prefix script '/home/lyraglow/Projects/BikeDigitalTwin/install/local_setup.ps1'
[-1784282945739719168.000s] INFO:colcon.colcon_core.shell:Creating prefix util module '/home/lyraglow/Projects/BikeDigitalTwin/install/_local_setup_util_ps1.py'
[-1784282945739719168.000s] INFO:colcon.colcon_core.shell:Creating prefix chain script '/home/lyraglow/Projects/BikeDigitalTwin/install/setup.ps1'
[-1784282945739719168.000s] INFO:colcon.colcon_core.shell:Creating prefix script '/home/lyraglow/Projects/BikeDigitalTwin/install/local_setup.sh'
[-1784282945739719168.000s] INFO:colcon.colcon_core.shell:Creating prefix util module '/home/lyraglow/Projects/BikeDigitalTwin/install/_local_setup_util_sh.py'
[-1784282945739719168.000s] INFO:colcon.colcon_core.shell:Creating prefix chain script '/home/lyraglow/Projects/BikeDigitalTwin/install/setup.sh'
[-1784282945739719168.000s] INFO:colcon.colcon_core.shell:Creating prefix script '/home/lyraglow/Projects/BikeDigitalTwin/install/local_setup.bash'
[-1784282945739719168.000s] INFO:colcon.colcon_core.shell:Creating prefix chain script '/home/lyraglow/Projects/BikeDigitalTwin/install/setup.bash'
[-1784282945739719168.000s] INFO:colcon.colcon_core.shell:Creating prefix script '/home/lyraglow/Projects/BikeDigitalTwin/install/local_setup.zsh'
[-1784282945739719168.000s] INFO:colcon.colcon_core.shell:Creating prefix chain script '/home/lyraglow/Projects/BikeDigitalTwin/install/setup.zsh'
