[0.115s] Invoking command in '/home/lyraglow/Projects/BikeDigitalTwin/build/user_defined_interfaces': CMAKE_PREFIX_PATH=${CMAKE_PREFIX_PATH}:/home/lyraglow/Projects/BikeDigitalTwin/install/math_model:/opt/ros/lyrical /usr/bin/cmake --build /home/lyraglow/Projects/BikeDigitalTwin/build/user_defined_interfaces -- -j32 -l32
[0.145s] [  2%] Built target user_defined_interfaces__rosidl_generator_type_description
[0.145s] [  5%] Built target user_defined_interfaces__rs
[0.156s] [  8%] Built target user_defined_interfaces__cpp
[0.157s] [ 22%] Built target user_defined_interfaces__rosidl_generator_c
[0.171s] [ 31%] Built target user_defined_interfaces__rosidl_typesupport_fastrtps_c
[0.172s] [ 48%] Built target user_defined_interfaces__rosidl_typesupport_introspection_c
[0.172s] [ 48%] Built target user_defined_interfaces__rosidl_typesupport_cpp
[0.173s] [ 57%] Built target user_defined_interfaces__rosidl_typesupport_c
[0.173s] [ 65%] Built target user_defined_interfaces__rosidl_typesupport_introspection_cpp
[0.173s] [ 74%] Built target user_defined_interfaces__rosidl_typesupport_fastrtps_cpp
[0.183s] [ 74%] Built target user_defined_interfaces
[0.193s] [ 77%] Built target user_defined_interfaces__py
[0.204s] [ 82%] Built target user_defined_interfaces__rosidl_generator_py
[0.209s] [ 82%] Built target ament_cmake_python_sync_user_defined_interfaces
[0.216s] [ 88%] Built target user_defined_interfaces_s__rosidl_typesupport_introspection_c
[0.216s] [ 94%] Built target user_defined_interfaces_s__rosidl_typesupport_c
[0.216s] [100%] Built target user_defined_interfaces_s__rosidl_typesupport_fastrtps_c
[0.320s] running egg_info
[0.328s] writing user_defined_interfaces.egg-info/PKG-INFO
[0.328s] writing dependency_links to user_defined_interfaces.egg-info/dependency_links.txt
[0.328s] writing top-level names to user_defined_interfaces.egg-info/top_level.txt
[0.353s] reading manifest file 'user_defined_interfaces.egg-info/SOURCES.txt'
[0.354s] writing manifest file 'user_defined_interfaces.egg-info/SOURCES.txt'
[0.371s] [100%] Built target ament_cmake_python_build_user_defined_interfaces_egg
[0.378s] Invoked command in '/home/lyraglow/Projects/BikeDigitalTwin/build/user_defined_interfaces' returned '0': CMAKE_PREFIX_PATH=${CMAKE_PREFIX_PATH}:/home/lyraglow/Projects/BikeDigitalTwin/install/math_model:/opt/ros/lyrical /usr/bin/cmake --build /home/lyraglow/Projects/BikeDigitalTwin/build/user_defined_interfaces -- -j32 -l32
[0.382s] Invoking command in '/home/lyraglow/Projects/BikeDigitalTwin/build/user_defined_interfaces': CMAKE_PREFIX_PATH=${CMAKE_PREFIX_PATH}:/home/lyraglow/Projects/BikeDigitalTwin/install/math_model:/opt/ros/lyrical /usr/bin/cmake --install /home/lyraglow/Projects/BikeDigitalTwin/build/user_defined_interfaces
[0.386s] -- Install configuration: ""
[0.387s] -- Up-to-date: /home/lyraglow/Projects/BikeDigitalTwin/install/user_defined_interfaces/share/ament_index/resource_index/rosidl_interfaces/user_defined_interfaces
[0.387s] -- Up-to-date: /home/lyraglow/Projects/BikeDigitalTwin/install/user_defined_interfaces/share/user_defined_interfaces/msg/DigitalState.json
[0.387s] -- Up-to-date: /home/lyraglow/Projects/BikeDigitalTwin/install/user_defined_interfaces/include/user_defined_interfaces/user_defined_interfaces
[0.387s] -- Up-to-date: /home/lyraglow/Projects/BikeDigitalTwin/install/user_defined_interfaces/include/user_defined_interfaces/user_defined_interfaces/msg
[0.387s] -- Up-to-date: /home/lyraglow/Projects/BikeDigitalTwin/install/user_defined_interfaces/include/user_defined_interfaces/user_defined_interfaces/msg/digital_state.h
[0.387s] -- Up-to-date: /home/lyraglow/Projects/BikeDigitalTwin/install/user_defined_interfaces/include/user_defined_interfaces/user_defined_interfaces/msg/rosidl_generator_c__visibility_control.h
[0.387s] -- Up-to-date: /home/lyraglow/Projects/BikeDigitalTwin/install/user_defined_interfaces/include/user_defined_interfaces/user_defined_interfaces/msg/detail
[0.387s] -- Up-to-date: /home/lyraglow/Projects/BikeDigitalTwin/install/user_defined_interfaces/include/user_defined_interfaces/user_defined_interfaces/msg/detail/digital_state__type_support.h
[0.387s] -- Up-to-date: /home/lyraglow/Projects/BikeDigitalTwin/install/user_defined_interfaces/include/user_defined_interfaces/user_defined_interfaces/msg/detail/digital_state__description.c
[0.387s] -- Up-to-date: /home/lyraglow/Projects/BikeDigitalTwin/install/user_defined_interfaces/include/user_defined_interfaces/user_defined_interfaces/msg/detail/digital_state__type_support.c
[0.387s] -- Up-to-date: /home/lyraglow/Projects/BikeDigitalTwin/install/user_defined_interfaces/include/user_defined_interfaces/user_defined_interfaces/msg/detail/digital_state__struct.h
[0.387s] -- Up-to-date: /home/lyraglow/Projects/BikeDigitalTwin/install/user_defined_interfaces/include/user_defined_interfaces/user_defined_interfaces/msg/detail/digital_state__functions.c
[0.387s] -- Up-to-date: /home/lyraglow/Projects/BikeDigitalTwin/install/user_defined_interfaces/include/user_defined_interfaces/user_defined_interfaces/msg/detail/digital_state__functions.h
[0.387s] -- Up-to-date: /home/lyraglow/Projects/BikeDigitalTwin/install/user_defined_interfaces/share/user_defined_interfaces/environment/library_path.sh
[0.388s] -- Up-to-date: /home/lyraglow/Projects/BikeDigitalTwin/install/user_defined_interfaces/share/user_defined_interfaces/environment/library_path.dsv
[0.388s] -- Up-to-date: /home/lyraglow/Projects/BikeDigitalTwin/install/user_defined_interfaces/lib/libuser_defined_interfaces__rosidl_generator_c.so
[0.388s] -- Up-to-date: /home/lyraglow/Projects/BikeDigitalTwin/install/user_defined_interfaces/include/user_defined_interfaces/user_defined_interfaces
[0.388s] -- Up-to-date: /home/lyraglow/Projects/BikeDigitalTwin/install/user_defined_interfaces/include/user_defined_interfaces/user_defined_interfaces/msg
[0.388s] -- Up-to-date: /home/lyraglow/Projects/BikeDigitalTwin/install/user_defined_interfaces/include/user_defined_interfaces/user_defined_interfaces/msg/rosidl_typesupport_fastrtps_c__visibility_control.h
[0.388s] -- Up-to-date: /home/lyraglow/Projects/BikeDigitalTwin/install/user_defined_interfaces/include/user_defined_interfaces/user_defined_interfaces/msg/detail
[0.388s] -- Up-to-date: /home/lyraglow/Projects/BikeDigitalTwin/install/user_defined_interfaces/include/user_defined_interfaces/user_defined_interfaces/msg/detail/digital_state__rosidl_typesupport_fastrtps_c.h
[0.388s] -- Up-to-date: /home/lyraglow/Projects/BikeDigitalTwin/install/user_defined_interfaces/lib/libuser_defined_interfaces__rosidl_typesupport_fastrtps_c.so
[0.388s] -- Up-to-date: /home/lyraglow/Projects/BikeDigitalTwin/install/user_defined_interfaces/include/user_defined_interfaces/user_defined_interfaces
[0.388s] -- Up-to-date: /home/lyraglow/Projects/BikeDigitalTwin/install/user_defined_interfaces/include/user_defined_interfaces/user_defined_interfaces/msg
[0.388s] -- Up-to-date: /home/lyraglow/Projects/BikeDigitalTwin/install/user_defined_interfaces/include/user_defined_interfaces/user_defined_interfaces/msg/rosidl_typesupport_introspection_c__visibility_control.h
[0.388s] -- Up-to-date: /home/lyraglow/Projects/BikeDigitalTwin/install/user_defined_interfaces/include/user_defined_interfaces/user_defined_interfaces/msg/detail
[0.388s] -- Up-to-date: /home/lyraglow/Projects/BikeDigitalTwin/install/user_defined_interfaces/include/user_defined_interfaces/user_defined_interfaces/msg/detail/digital_state__type_support.c
[0.388s] -- Up-to-date: /home/lyraglow/Projects/BikeDigitalTwin/install/user_defined_interfaces/include/user_defined_interfaces/user_defined_interfaces/msg/detail/digital_state__rosidl_typesupport_introspection_c.h
[0.388s] -- Up-to-date: /home/lyraglow/Projects/BikeDigitalTwin/install/user_defined_interfaces/lib/libuser_defined_interfaces__rosidl_typesupport_introspection_c.so
[0.388s] -- Up-to-date: /home/lyraglow/Projects/BikeDigitalTwin/install/user_defined_interfaces/lib/libuser_defined_interfaces__rosidl_typesupport_c.so
[0.388s] -- Up-to-date: /home/lyraglow/Projects/BikeDigitalTwin/install/user_defined_interfaces/include/user_defined_interfaces/user_defined_interfaces
[0.388s] -- Up-to-date: /home/lyraglow/Projects/BikeDigitalTwin/install/user_defined_interfaces/include/user_defined_interfaces/user_defined_interfaces/msg
[0.388s] -- Up-to-date: /home/lyraglow/Projects/BikeDigitalTwin/install/user_defined_interfaces/include/user_defined_interfaces/user_defined_interfaces/msg/digital_state.hpp
[0.388s] -- Up-to-date: /home/lyraglow/Projects/BikeDigitalTwin/install/user_defined_interfaces/include/user_defined_interfaces/user_defined_interfaces/msg/rosidl_generator_cpp__visibility_control.hpp
[0.389s] -- Up-to-date: /home/lyraglow/Projects/BikeDigitalTwin/install/user_defined_interfaces/include/user_defined_interfaces/user_defined_interfaces/msg/detail
[0.389s] -- Up-to-date: /home/lyraglow/Projects/BikeDigitalTwin/install/user_defined_interfaces/include/user_defined_interfaces/user_defined_interfaces/msg/detail/digital_state__builder.hpp
[0.389s] -- Up-to-date: /home/lyraglow/Projects/BikeDigitalTwin/install/user_defined_interfaces/include/user_defined_interfaces/user_defined_interfaces/msg/detail/digital_state__traits.hpp
[0.389s] -- Up-to-date: /home/lyraglow/Projects/BikeDigitalTwin/install/user_defined_interfaces/include/user_defined_interfaces/user_defined_interfaces/msg/detail/digital_state__struct.hpp
[0.389s] -- Up-to-date: /home/lyraglow/Projects/BikeDigitalTwin/install/user_defined_interfaces/include/user_defined_interfaces/user_defined_interfaces/msg/detail/digital_state__type_support.hpp
[0.389s] -- Up-to-date: /home/lyraglow/Projects/BikeDigitalTwin/install/user_defined_interfaces/include/user_defined_interfaces/user_defined_interfaces
[0.389s] -- Up-to-date: /home/lyraglow/Projects/BikeDigitalTwin/install/user_defined_interfaces/include/user_defined_interfaces/user_defined_interfaces/msg
[0.389s] -- Up-to-date: /home/lyraglow/Projects/BikeDigitalTwin/install/user_defined_interfaces/include/user_defined_interfaces/user_defined_interfaces/msg/rosidl_typesupport_fastrtps_cpp__visibility_control.h
[0.389s] -- Up-to-date: /home/lyraglow/Projects/BikeDigitalTwin/install/user_defined_interfaces/include/user_defined_interfaces/user_defined_interfaces/msg/detail
[0.389s] -- Up-to-date: /home/lyraglow/Projects/BikeDigitalTwin/install/user_defined_interfaces/include/user_defined_interfaces/user_defined_interfaces/msg/detail/digital_state__rosidl_typesupport_fastrtps_cpp.hpp
[0.389s] -- Up-to-date: /home/lyraglow/Projects/BikeDigitalTwin/install/user_defined_interfaces/include/user_defined_interfaces/user_defined_interfaces/msg/detail/dds_fastrtps
[0.389s] -- Up-to-date: /home/lyraglow/Projects/BikeDigitalTwin/install/user_defined_interfaces/lib/libuser_defined_interfaces__rosidl_typesupport_fastrtps_cpp.so
[0.389s] -- Up-to-date: /home/lyraglow/Projects/BikeDigitalTwin/install/user_defined_interfaces/include/user_defined_interfaces/user_defined_interfaces
[0.389s] -- Up-to-date: /home/lyraglow/Projects/BikeDigitalTwin/install/user_defined_interfaces/include/user_defined_interfaces/user_defined_interfaces/msg
[0.389s] -- Up-to-date: /home/lyraglow/Projects/BikeDigitalTwin/install/user_defined_interfaces/include/user_defined_interfaces/user_defined_interfaces/msg/detail
[0.389s] -- Up-to-date: /home/lyraglow/Projects/BikeDigitalTwin/install/user_defined_interfaces/include/user_defined_interfaces/user_defined_interfaces/msg/detail/digital_state__type_support.cpp
[0.389s] -- Up-to-date: /home/lyraglow/Projects/BikeDigitalTwin/install/user_defined_interfaces/include/user_defined_interfaces/user_defined_interfaces/msg/detail/digital_state__rosidl_typesupport_introspection_cpp.hpp
[0.389s] -- Up-to-date: /home/lyraglow/Projects/BikeDigitalTwin/install/user_defined_interfaces/lib/libuser_defined_interfaces__rosidl_typesupport_introspection_cpp.so
[0.389s] -- Up-to-date: /home/lyraglow/Projects/BikeDigitalTwin/install/user_defined_interfaces/lib/libuser_defined_interfaces__rosidl_typesupport_cpp.so
[0.389s] -- Up-to-date: /home/lyraglow/Projects/BikeDigitalTwin/install/user_defined_interfaces/share/user_defined_interfaces/environment/pythonpath.sh
[0.389s] -- Up-to-date: /home/lyraglow/Projects/BikeDigitalTwin/install/user_defined_interfaces/share/user_defined_interfaces/environment/pythonpath.dsv
[0.389s] -- Up-to-date: /home/lyraglow/Projects/BikeDigitalTwin/install/user_defined_interfaces/lib/python3.14/site-packages/user_defined_interfaces/user_defined_interfaces_s__rosidl_typesupport_fastrtps_c.so
[0.389s] -- Up-to-date: /home/lyraglow/Projects/BikeDigitalTwin/install/user_defined_interfaces/lib/python3.14/site-packages/user_defined_interfaces/user_defined_interfaces_s__rosidl_typesupport_introspection_c.so
[0.390s] -- Up-to-date: /home/lyraglow/Projects/BikeDigitalTwin/install/user_defined_interfaces/lib/python3.14/site-packages/user_defined_interfaces/user_defined_interfaces_s__rosidl_typesupport_c.so
[0.390s] -- Up-to-date: /home/lyraglow/Projects/BikeDigitalTwin/install/user_defined_interfaces/lib/libuser_defined_interfaces__rosidl_generator_py.so
[0.390s] -- Up-to-date: /home/lyraglow/Projects/BikeDigitalTwin/install/user_defined_interfaces/share/ament_index/resource_index/rust_packages/user_defined_interfaces
[0.390s] -- Up-to-date: /home/lyraglow/Projects/BikeDigitalTwin/install/user_defined_interfaces/share/user_defined_interfaces/rust
[0.390s] -- Up-to-date: /home/lyraglow/Projects/BikeDigitalTwin/install/user_defined_interfaces/share/user_defined_interfaces/rust/src
[0.390s] -- Up-to-date: /home/lyraglow/Projects/BikeDigitalTwin/install/user_defined_interfaces/share/user_defined_interfaces/rust/src/msg
[0.390s] -- Up-to-date: /home/lyraglow/Projects/BikeDigitalTwin/install/user_defined_interfaces/share/user_defined_interfaces/rust/src/msg/rmw.rs
[0.390s] -- Up-to-date: /home/lyraglow/Projects/BikeDigitalTwin/install/user_defined_interfaces/share/user_defined_interfaces/rust/src/msg.rs
[0.390s] -- Up-to-date: /home/lyraglow/Projects/BikeDigitalTwin/install/user_defined_interfaces/share/user_defined_interfaces/rust/src/lib.rs
[0.390s] -- Up-to-date: /home/lyraglow/Projects/BikeDigitalTwin/install/user_defined_interfaces/share/user_defined_interfaces/rust/build.rs
[0.391s] -- Up-to-date: /home/lyraglow/Projects/BikeDigitalTwin/install/user_defined_interfaces/share/user_defined_interfaces/rust/Cargo.toml
[0.391s] -- Up-to-date: /home/lyraglow/Projects/BikeDigitalTwin/install/user_defined_interfaces/share/user_defined_interfaces/msg/DigitalState.idl
[0.391s] -- Up-to-date: /home/lyraglow/Projects/BikeDigitalTwin/install/user_defined_interfaces/share/user_defined_interfaces/msg/DigitalState.msg
[0.391s] -- Up-to-date: /home/lyraglow/Projects/BikeDigitalTwin/install/user_defined_interfaces/share/ament_index/resource_index/package_run_dependencies/user_defined_interfaces
[0.391s] -- Up-to-date: /home/lyraglow/Projects/BikeDigitalTwin/install/user_defined_interfaces/share/ament_index/resource_index/parent_prefix_path/user_defined_interfaces
[0.391s] -- Up-to-date: /home/lyraglow/Projects/BikeDigitalTwin/install/user_defined_interfaces/share/user_defined_interfaces/environment/ament_prefix_path.sh
[0.391s] -- Up-to-date: /home/lyraglow/Projects/BikeDigitalTwin/install/user_defined_interfaces/share/user_defined_interfaces/environment/ament_prefix_path.dsv
[0.391s] -- Up-to-date: /home/lyraglow/Projects/BikeDigitalTwin/install/user_defined_interfaces/share/user_defined_interfaces/environment/path.sh
[0.391s] -- Up-to-date: /home/lyraglow/Projects/BikeDigitalTwin/install/user_defined_interfaces/share/user_defined_interfaces/environment/path.dsv
[0.391s] -- Up-to-date: /home/lyraglow/Projects/BikeDigitalTwin/install/user_defined_interfaces/share/user_defined_interfaces/local_setup.bash
[0.391s] -- Up-to-date: /home/lyraglow/Projects/BikeDigitalTwin/install/user_defined_interfaces/share/user_defined_interfaces/local_setup.fish
[0.391s] -- Up-to-date: /home/lyraglow/Projects/BikeDigitalTwin/install/user_defined_interfaces/share/user_defined_interfaces/local_setup.sh
[0.391s] -- Up-to-date: /home/lyraglow/Projects/BikeDigitalTwin/install/user_defined_interfaces/share/user_defined_interfaces/local_setup.zsh
[0.391s] -- Up-to-date: /home/lyraglow/Projects/BikeDigitalTwin/install/user_defined_interfaces/share/user_defined_interfaces/local_setup.dsv
[0.391s] -- Installing: /home/lyraglow/Projects/BikeDigitalTwin/install/user_defined_interfaces/share/user_defined_interfaces/package.dsv
[0.391s] -- Up-to-date: /home/lyraglow/Projects/BikeDigitalTwin/install/user_defined_interfaces/share/ament_index/resource_index/packages/user_defined_interfaces
[0.391s] -- Up-to-date: /home/lyraglow/Projects/BikeDigitalTwin/install/user_defined_interfaces/share/user_defined_interfaces/cmake/export_user_defined_interfaces__rosidl_generator_cExport.cmake
[0.391s] -- Up-to-date: /home/lyraglow/Projects/BikeDigitalTwin/install/user_defined_interfaces/share/user_defined_interfaces/cmake/export_user_defined_interfaces__rosidl_generator_cExport-noconfig.cmake
[0.391s] -- Up-to-date: /home/lyraglow/Projects/BikeDigitalTwin/install/user_defined_interfaces/share/user_defined_interfaces/cmake/export_user_defined_interfaces__rosidl_typesupport_fastrtps_cExport.cmake
[0.391s] -- Up-to-date: /home/lyraglow/Projects/BikeDigitalTwin/install/user_defined_interfaces/share/user_defined_interfaces/cmake/export_user_defined_interfaces__rosidl_typesupport_fastrtps_cExport-noconfig.cmake
[0.392s] -- Up-to-date: /home/lyraglow/Projects/BikeDigitalTwin/install/user_defined_interfaces/share/user_defined_interfaces/cmake/user_defined_interfaces__rosidl_typesupport_introspection_cExport.cmake
[0.392s] -- Up-to-date: /home/lyraglow/Projects/BikeDigitalTwin/install/user_defined_interfaces/share/user_defined_interfaces/cmake/user_defined_interfaces__rosidl_typesupport_introspection_cExport-noconfig.cmake
[0.392s] -- Up-to-date: /home/lyraglow/Projects/BikeDigitalTwin/install/user_defined_interfaces/share/user_defined_interfaces/cmake/user_defined_interfaces__rosidl_typesupport_cExport.cmake
[0.392s] -- Up-to-date: /home/lyraglow/Projects/BikeDigitalTwin/install/user_defined_interfaces/share/user_defined_interfaces/cmake/user_defined_interfaces__rosidl_typesupport_cExport-noconfig.cmake
[0.392s] -- Up-to-date: /home/lyraglow/Projects/BikeDigitalTwin/install/user_defined_interfaces/share/user_defined_interfaces/cmake/export_user_defined_interfaces__rosidl_generator_cppExport.cmake
[0.392s] -- Up-to-date: /home/lyraglow/Projects/BikeDigitalTwin/install/user_defined_interfaces/share/user_defined_interfaces/cmake/export_user_defined_interfaces__rosidl_typesupport_fastrtps_cppExport.cmake
[0.392s] -- Up-to-date: /home/lyraglow/Projects/BikeDigitalTwin/install/user_defined_interfaces/share/user_defined_interfaces/cmake/export_user_defined_interfaces__rosidl_typesupport_fastrtps_cppExport-noconfig.cmake
[0.392s] -- Up-to-date: /home/lyraglow/Projects/BikeDigitalTwin/install/user_defined_interfaces/share/user_defined_interfaces/cmake/user_defined_interfaces__rosidl_typesupport_introspection_cppExport.cmake
[0.392s] -- Up-to-date: /home/lyraglow/Projects/BikeDigitalTwin/install/user_defined_interfaces/share/user_defined_interfaces/cmake/user_defined_interfaces__rosidl_typesupport_introspection_cppExport-noconfig.cmake
[0.392s] -- Up-to-date: /home/lyraglow/Projects/BikeDigitalTwin/install/user_defined_interfaces/share/user_defined_interfaces/cmake/user_defined_interfaces__rosidl_typesupport_cppExport.cmake
[0.392s] -- Up-to-date: /home/lyraglow/Projects/BikeDigitalTwin/install/user_defined_interfaces/share/user_defined_interfaces/cmake/user_defined_interfaces__rosidl_typesupport_cppExport-noconfig.cmake
[0.392s] -- Up-to-date: /home/lyraglow/Projects/BikeDigitalTwin/install/user_defined_interfaces/share/user_defined_interfaces/cmake/export_user_defined_interfaces__rosidl_generator_pyExport.cmake
[0.392s] -- Up-to-date: /home/lyraglow/Projects/BikeDigitalTwin/install/user_defined_interfaces/share/user_defined_interfaces/cmake/export_user_defined_interfaces__rosidl_generator_pyExport-noconfig.cmake
[0.392s] -- Up-to-date: /home/lyraglow/Projects/BikeDigitalTwin/install/user_defined_interfaces/lib/python3.14/site-packages/user_defined_interfaces-0.0.0-py3.14.egg-info
[0.392s] -- Installing: /home/lyraglow/Projects/BikeDigitalTwin/install/user_defined_interfaces/lib/python3.14/site-packages/user_defined_interfaces-0.0.0-py3.14.egg-info/SOURCES.txt
[0.392s] -- Installing: /home/lyraglow/Projects/BikeDigitalTwin/install/user_defined_interfaces/lib/python3.14/site-packages/user_defined_interfaces-0.0.0-py3.14.egg-info/dependency_links.txt
[0.392s] -- Installing: /home/lyraglow/Projects/BikeDigitalTwin/install/user_defined_interfaces/lib/python3.14/site-packages/user_defined_interfaces-0.0.0-py3.14.egg-info/PKG-INFO
[0.392s] -- Installing: /home/lyraglow/Projects/BikeDigitalTwin/install/user_defined_interfaces/lib/python3.14/site-packages/user_defined_interfaces-0.0.0-py3.14.egg-info/top_level.txt
[0.392s] -- Up-to-date: /home/lyraglow/Projects/BikeDigitalTwin/install/user_defined_interfaces/lib/python3.14/site-packages/user_defined_interfaces
[0.392s] -- Up-to-date: /home/lyraglow/Projects/BikeDigitalTwin/install/user_defined_interfaces/lib/python3.14/site-packages/user_defined_interfaces/user_defined_interfaces_s__rosidl_typesupport_introspection_c.so
[0.392s] -- Up-to-date: /home/lyraglow/Projects/BikeDigitalTwin/install/user_defined_interfaces/lib/python3.14/site-packages/user_defined_interfaces/py.typed
[0.392s] -- Up-to-date: /home/lyraglow/Projects/BikeDigitalTwin/install/user_defined_interfaces/lib/python3.14/site-packages/user_defined_interfaces/__init__.py
[0.392s] -- Up-to-date: /home/lyraglow/Projects/BikeDigitalTwin/install/user_defined_interfaces/lib/python3.14/site-packages/user_defined_interfaces/user_defined_interfaces_s__rosidl_typesupport_c.so
[0.393s] -- Up-to-date: /home/lyraglow/Projects/BikeDigitalTwin/install/user_defined_interfaces/lib/python3.14/site-packages/user_defined_interfaces/msg
[0.393s] -- Up-to-date: /home/lyraglow/Projects/BikeDigitalTwin/install/user_defined_interfaces/lib/python3.14/site-packages/user_defined_interfaces/msg/_digital_state_s.c
[0.393s] -- Up-to-date: /home/lyraglow/Projects/BikeDigitalTwin/install/user_defined_interfaces/lib/python3.14/site-packages/user_defined_interfaces/msg/__init__.py
[0.393s] -- Up-to-date: /home/lyraglow/Projects/BikeDigitalTwin/install/user_defined_interfaces/lib/python3.14/site-packages/user_defined_interfaces/msg/_digital_state.py
[0.393s] -- Up-to-date: /home/lyraglow/Projects/BikeDigitalTwin/install/user_defined_interfaces/lib/python3.14/site-packages/user_defined_interfaces/user_defined_interfaces_s__rosidl_typesupport_fastrtps_c.so
[0.393s] -- Up-to-date: /home/lyraglow/Projects/BikeDigitalTwin/install/user_defined_interfaces/lib/python3.14/site-packages/user_defined_interfaces/_user_defined_interfaces_s.ep.rosidl_typesupport_fastrtps_c.c
[0.393s] -- Up-to-date: /home/lyraglow/Projects/BikeDigitalTwin/install/user_defined_interfaces/lib/python3.14/site-packages/user_defined_interfaces/_user_defined_interfaces_s.ep.rosidl_typesupport_introspection_c.c
[0.393s] -- Up-to-date: /home/lyraglow/Projects/BikeDigitalTwin/install/user_defined_interfaces/lib/python3.14/site-packages/user_defined_interfaces/_user_defined_interfaces_s.ep.rosidl_typesupport_c.c
[0.418s] Listing '/home/lyraglow/Projects/BikeDigitalTwin/install/user_defined_interfaces/lib/python3.14/site-packages/user_defined_interfaces'...
[0.418s] Listing '/home/lyraglow/Projects/BikeDigitalTwin/install/user_defined_interfaces/lib/python3.14/site-packages/user_defined_interfaces/msg'...
[0.422s] -- Up-to-date: /home/lyraglow/Projects/BikeDigitalTwin/install/user_defined_interfaces/share/user_defined_interfaces/cmake/rosidl_cmake-extras.cmake
[0.422s] -- Up-to-date: /home/lyraglow/Projects/BikeDigitalTwin/install/user_defined_interfaces/share/user_defined_interfaces/cmake/ament_cmake_export_dependencies-extras.cmake
[0.422s] -- Up-to-date: /home/lyraglow/Projects/BikeDigitalTwin/install/user_defined_interfaces/share/user_defined_interfaces/cmake/ament_cmake_export_include_directories-extras.cmake
[0.422s] -- Up-to-date: /home/lyraglow/Projects/BikeDigitalTwin/install/user_defined_interfaces/share/user_defined_interfaces/cmake/ament_cmake_export_libraries-extras.cmake
[0.422s] -- Up-to-date: /home/lyraglow/Projects/BikeDigitalTwin/install/user_defined_interfaces/share/user_defined_interfaces/cmake/ament_cmake_export_targets-extras.cmake
[0.422s] -- Up-to-date: /home/lyraglow/Projects/BikeDigitalTwin/install/user_defined_interfaces/share/user_defined_interfaces/cmake/rosidl_cmake_export_typesupport_targets-extras.cmake
[0.422s] -- Up-to-date: /home/lyraglow/Projects/BikeDigitalTwin/install/user_defined_interfaces/share/user_defined_interfaces/cmake/rosidl_cmake_export_typesupport_libraries-extras.cmake
[0.422s] -- Up-to-date: /home/lyraglow/Projects/BikeDigitalTwin/install/user_defined_interfaces/share/user_defined_interfaces/cmake/rosidl_cmake_aggregate_target-extras.cmake
[0.422s] -- Up-to-date: /home/lyraglow/Projects/BikeDigitalTwin/install/user_defined_interfaces/share/user_defined_interfaces/cmake/user_defined_interfacesConfig.cmake
[0.422s] -- Up-to-date: /home/lyraglow/Projects/BikeDigitalTwin/install/user_defined_interfaces/share/user_defined_interfaces/cmake/user_defined_interfacesConfig-version.cmake
[0.422s] -- Up-to-date: /home/lyraglow/Projects/BikeDigitalTwin/install/user_defined_interfaces/share/user_defined_interfaces/package.xml
[0.423s] Invoked command in '/home/lyraglow/Projects/BikeDigitalTwin/build/user_defined_interfaces' returned '0': CMAKE_PREFIX_PATH=${CMAKE_PREFIX_PATH}:/home/lyraglow/Projects/BikeDigitalTwin/install/math_model:/opt/ros/lyrical /usr/bin/cmake --install /home/lyraglow/Projects/BikeDigitalTwin/build/user_defined_interfaces
