-- The C compiler identification is GNU 15.2.0
-- The CXX compiler identification is GNU 15.2.0
-- Detecting C compiler ABI info
-- Detecting C compiler ABI info - done
-- Check for working C compiler: /usr/bin/cc - skipped
-- Detecting C compile features
-- Detecting C compile features - done
-- Detecting CXX compiler ABI info
-- Detecting CXX compiler ABI info - done
-- Check for working CXX compiler: /usr/bin/c++ - skipped
-- Detecting CXX compile features
-- Detecting CXX compile features - done
-- Found ament_cmake: 2.8.7 (/opt/ros/lyrical/share/ament_cmake/cmake)
-- Found rosidl_default_generators: 1.8.1 (/opt/ros/lyrical/share/rosidl_default_generators/cmake)
-- Using all available rosidl_typesupport_c: rosidl_typesupport_fastrtps_c;rosidl_typesupport_introspection_c
-- Using all available rosidl_typesupport_cpp: rosidl_typesupport_fastrtps_cpp;rosidl_typesupport_introspection_cpp
-- Found rosidl_adapter: 5.2.1 (/opt/ros/lyrical/share/rosidl_adapter/cmake)
-- Found std_msgs: 5.9.2 (/opt/ros/lyrical/share/std_msgs/cmake)
-- Found geometry_msgs: 5.9.2 (/opt/ros/lyrical/share/geometry_msgs/cmake)
-- Found Python3: /home/lyraglow/Projects/BikeDigitalTwin/.venv/bin/python3 (found version "3.14.4") found components: Interpreter
-- Using all available rosidl_typesupport_c: rosidl_typesupport_fastrtps_c;rosidl_typesupport_introspection_c
-- Using all available rosidl_typesupport_cpp: rosidl_typesupport_fastrtps_cpp;rosidl_typesupport_introspection_cpp
-- Found Python3: /home/lyraglow/Projects/BikeDigitalTwin/.venv/bin/python3 (found version "3.14.4") found components: Interpreter Development NumPy Development.Module Development.Embed
-- Found Python3: /home/lyraglow/Projects/BikeDigitalTwin/.venv/bin/python3 (found version "3.14.4") found components: Interpreter
-- Found ament_lint_auto: 0.20.6 (/opt/ros/lyrical/share/ament_lint_auto/cmake)
-- Added test 'lint_cmake' to check CMake code style
-- Added test 'xmllint' to check XML markup files
-- Configuring done (2.3s)
-- Generating done (0.0s)
-- Build files have been written to: /home/lyraglow/Projects/BikeDigitalTwin/build/user_defined_interfaces
[  2%] [1m[34mGenerating Rust code for ROS interfaces[0m
[  5%] [1m[34mGenerating type hashes for ROS interfaces[0m
[  5%] Built target user_defined_interfaces__rosidl_generator_type_description
[  8%] [1m[34mGenerating C code for ROS interfaces[0m
[ 11%] [1m[34mGenerating C++ code for ROS interfaces[0m
[ 11%] Built target user_defined_interfaces__rs
[ 11%] Built target user_defined_interfaces__cpp
[ 14%] [32mBuilding C object CMakeFiles/user_defined_interfaces__rosidl_generator_c.dir/rosidl_generator_c/user_defined_interfaces/msg/detail/digital_state__functions.c.o[0m
[ 17%] [32mBuilding C object CMakeFiles/user_defined_interfaces__rosidl_generator_c.dir/rosidl_generator_c/user_defined_interfaces/msg/detail/digital_state__description.c.o[0m
[ 20%] [32mBuilding C object CMakeFiles/user_defined_interfaces__rosidl_generator_c.dir/rosidl_generator_c/user_defined_interfaces/msg/detail/digital_state__type_support.c.o[0m
[ 22%] [1m[32mLinking C shared library libuser_defined_interfaces__rosidl_generator_c.so[0m
[ 22%] Built target user_defined_interfaces__rosidl_generator_c
[ 25%] [1m[34mGenerating C++ type support for eProsima Fast-RTPS[0m
[ 31%] [1m[34mGenerating C type support for eProsima Fast-RTPS[0m
[ 31%] [1m[34mGenerating C++ type support dispatch for ROS interfaces[0m
[ 37%] [1m[34mGenerating C++ introspection for ROS interfaces[0m
[ 37%] [1m[34mGenerating C type support dispatch for ROS interfaces[0m
[ 40%] [1m[34mGenerating C introspection for ROS interfaces[0m
[ 42%] [32mBuilding CXX object CMakeFiles/user_defined_interfaces__rosidl_typesupport_cpp.dir/rosidl_typesupport_cpp/user_defined_interfaces/msg/digital_state__type_support.cpp.o[0m
[ 45%] [32mBuilding CXX object CMakeFiles/user_defined_interfaces__rosidl_typesupport_c.dir/rosidl_typesupport_c/user_defined_interfaces/msg/digital_state__type_support.cpp.o[0m
[ 48%] [32mBuilding CXX object CMakeFiles/user_defined_interfaces__rosidl_typesupport_introspection_cpp.dir/rosidl_typesupport_introspection_cpp/user_defined_interfaces/msg/detail/digital_state__type_support.cpp.o[0m
[ 51%] [32mBuilding C object CMakeFiles/user_defined_interfaces__rosidl_typesupport_introspection_c.dir/rosidl_typesupport_introspection_c/user_defined_interfaces/msg/detail/digital_state__type_support.c.o[0m
[ 54%] [32mBuilding CXX object CMakeFiles/user_defined_interfaces__rosidl_typesupport_fastrtps_cpp.dir/rosidl_typesupport_fastrtps_cpp/user_defined_interfaces/msg/detail/dds_fastrtps/digital_state__type_support.cpp.o[0m
[ 57%] [32mBuilding CXX object CMakeFiles/user_defined_interfaces__rosidl_typesupport_fastrtps_c.dir/rosidl_typesupport_fastrtps_c/user_defined_interfaces/msg/detail/digital_state__type_support_c.cpp.o[0m
[ 60%] [1m[32mLinking CXX shared library libuser_defined_interfaces__rosidl_typesupport_c.so[0m
[ 62%] [1m[32mLinking C shared library libuser_defined_interfaces__rosidl_typesupport_introspection_c.so[0m
[ 62%] Built target user_defined_interfaces__rosidl_typesupport_c
[ 62%] Built target user_defined_interfaces__rosidl_typesupport_introspection_c
[ 65%] [1m[32mLinking CXX shared library libuser_defined_interfaces__rosidl_typesupport_cpp.so[0m
[ 68%] [1m[32mLinking CXX shared library libuser_defined_interfaces__rosidl_typesupport_introspection_cpp.so[0m
[ 68%] Built target user_defined_interfaces__rosidl_typesupport_cpp
[ 71%] [1m[32mLinking CXX shared library libuser_defined_interfaces__rosidl_typesupport_fastrtps_c.so[0m
[ 71%] Built target user_defined_interfaces__rosidl_typesupport_introspection_cpp
[ 74%] [1m[32mLinking CXX shared library libuser_defined_interfaces__rosidl_typesupport_fastrtps_cpp.so[0m
[ 74%] Built target user_defined_interfaces__rosidl_typesupport_fastrtps_c
[ 74%] Built target user_defined_interfaces__rosidl_typesupport_fastrtps_cpp
[ 74%] Built target user_defined_interfaces
[ 77%] [1m[34mGenerating Python code for ROS interfaces[0m
[ 77%] Built target user_defined_interfaces__py
[ 80%] [32mBuilding C object CMakeFiles/user_defined_interfaces__rosidl_generator_py.dir/rosidl_generator_py/user_defined_interfaces/msg/_digital_state_s.c.o[0m
[ 80%] Built target ament_cmake_python_sync_user_defined_interfaces
[ 82%] [1m[32mLinking C shared library libuser_defined_interfaces__rosidl_generator_py.so[0m
running egg_info
creating user_defined_interfaces.egg-info
writing user_defined_interfaces.egg-info/PKG-INFO
writing dependency_links to user_defined_interfaces.egg-info/dependency_links.txt
writing top-level names to user_defined_interfaces.egg-info/top_level.txt
writing manifest file 'user_defined_interfaces.egg-info/SOURCES.txt'
[ 82%] Built target user_defined_interfaces__rosidl_generator_py
[ 91%] [32mBuilding C object CMakeFiles/user_defined_interfaces_s__rosidl_typesupport_c.dir/rosidl_generator_py/user_defined_interfaces/_user_defined_interfaces_s.ep.rosidl_typesupport_c.c.o[0m
[ 91%] [32mBuilding C object CMakeFiles/user_defined_interfaces_s__rosidl_typesupport_fastrtps_c.dir/rosidl_generator_py/user_defined_interfaces/_user_defined_interfaces_s.ep.rosidl_typesupport_fastrtps_c.c.o[0m
[ 91%] [32mBuilding C object CMakeFiles/user_defined_interfaces_s__rosidl_typesupport_introspection_c.dir/rosidl_generator_py/user_defined_interfaces/_user_defined_interfaces_s.ep.rosidl_typesupport_introspection_c.c.o[0m
reading manifest file 'user_defined_interfaces.egg-info/SOURCES.txt'
writing manifest file 'user_defined_interfaces.egg-info/SOURCES.txt'
[ 91%] Built target ament_cmake_python_build_user_defined_interfaces_egg
[ 94%] [1m[32mLinking C shared module rosidl_generator_py/user_defined_interfaces/user_defined_interfaces_s__rosidl_typesupport_c.so[0m
[100%] [1m[32mLinking C shared module rosidl_generator_py/user_defined_interfaces/user_defined_interfaces_s__rosidl_typesupport_introspection_c.so[0m
[100%] [1m[32mLinking C shared module rosidl_generator_py/user_defined_interfaces/user_defined_interfaces_s__rosidl_typesupport_fastrtps_c.so[0m
[100%] Built target user_defined_interfaces_s__rosidl_typesupport_c
[100%] Built target user_defined_interfaces_s__rosidl_typesupport_introspection_c
[100%] Built target user_defined_interfaces_s__rosidl_typesupport_fastrtps_c
-- Install configuration: ""
-- Installing: /home/lyraglow/Projects/BikeDigitalTwin/install/user_defined_interfaces/share/ament_index/resource_index/rosidl_interfaces/user_defined_interfaces
-- Installing: /home/lyraglow/Projects/BikeDigitalTwin/install/user_defined_interfaces/share/user_defined_interfaces/msg/DigitalState.json
-- Installing: /home/lyraglow/Projects/BikeDigitalTwin/install/user_defined_interfaces/include/user_defined_interfaces/user_defined_interfaces
-- Installing: /home/lyraglow/Projects/BikeDigitalTwin/install/user_defined_interfaces/include/user_defined_interfaces/user_defined_interfaces/msg
-- Installing: /home/lyraglow/Projects/BikeDigitalTwin/install/user_defined_interfaces/include/user_defined_interfaces/user_defined_interfaces/msg/digital_state.h
-- Installing: /home/lyraglow/Projects/BikeDigitalTwin/install/user_defined_interfaces/include/user_defined_interfaces/user_defined_interfaces/msg/rosidl_generator_c__visibility_control.h
-- Installing: /home/lyraglow/Projects/BikeDigitalTwin/install/user_defined_interfaces/include/user_defined_interfaces/user_defined_interfaces/msg/detail
-- Installing: /home/lyraglow/Projects/BikeDigitalTwin/install/user_defined_interfaces/include/user_defined_interfaces/user_defined_interfaces/msg/detail/digital_state__type_support.h
-- Installing: /home/lyraglow/Projects/BikeDigitalTwin/install/user_defined_interfaces/include/user_defined_interfaces/user_defined_interfaces/msg/detail/digital_state__description.c
-- Installing: /home/lyraglow/Projects/BikeDigitalTwin/install/user_defined_interfaces/include/user_defined_interfaces/user_defined_interfaces/msg/detail/digital_state__type_support.c
-- Installing: /home/lyraglow/Projects/BikeDigitalTwin/install/user_defined_interfaces/include/user_defined_interfaces/user_defined_interfaces/msg/detail/digital_state__struct.h
-- Installing: /home/lyraglow/Projects/BikeDigitalTwin/install/user_defined_interfaces/include/user_defined_interfaces/user_defined_interfaces/msg/detail/digital_state__functions.c
-- Installing: /home/lyraglow/Projects/BikeDigitalTwin/install/user_defined_interfaces/include/user_defined_interfaces/user_defined_interfaces/msg/detail/digital_state__functions.h
-- Installing: /home/lyraglow/Projects/BikeDigitalTwin/install/user_defined_interfaces/share/user_defined_interfaces/environment/library_path.sh
-- Installing: /home/lyraglow/Projects/BikeDigitalTwin/install/user_defined_interfaces/share/user_defined_interfaces/environment/library_path.dsv
-- Installing: /home/lyraglow/Projects/BikeDigitalTwin/install/user_defined_interfaces/lib/libuser_defined_interfaces__rosidl_generator_c.so
-- Set non-toolchain portion of runtime path of "/home/lyraglow/Projects/BikeDigitalTwin/install/user_defined_interfaces/lib/libuser_defined_interfaces__rosidl_generator_c.so" to ""
-- Up-to-date: /home/lyraglow/Projects/BikeDigitalTwin/install/user_defined_interfaces/include/user_defined_interfaces/user_defined_interfaces
-- Up-to-date: /home/lyraglow/Projects/BikeDigitalTwin/install/user_defined_interfaces/include/user_defined_interfaces/user_defined_interfaces/msg
-- Installing: /home/lyraglow/Projects/BikeDigitalTwin/install/user_defined_interfaces/include/user_defined_interfaces/user_defined_interfaces/msg/rosidl_typesupport_fastrtps_c__visibility_control.h
-- Up-to-date: /home/lyraglow/Projects/BikeDigitalTwin/install/user_defined_interfaces/include/user_defined_interfaces/user_defined_interfaces/msg/detail
-- Installing: /home/lyraglow/Projects/BikeDigitalTwin/install/user_defined_interfaces/include/user_defined_interfaces/user_defined_interfaces/msg/detail/digital_state__rosidl_typesupport_fastrtps_c.h
-- Installing: /home/lyraglow/Projects/BikeDigitalTwin/install/user_defined_interfaces/lib/libuser_defined_interfaces__rosidl_typesupport_fastrtps_c.so
-- Set non-toolchain portion of runtime path of "/home/lyraglow/Projects/BikeDigitalTwin/install/user_defined_interfaces/lib/libuser_defined_interfaces__rosidl_typesupport_fastrtps_c.so" to ""
-- Up-to-date: /home/lyraglow/Projects/BikeDigitalTwin/install/user_defined_interfaces/include/user_defined_interfaces/user_defined_interfaces
-- Up-to-date: /home/lyraglow/Projects/BikeDigitalTwin/install/user_defined_interfaces/include/user_defined_interfaces/user_defined_interfaces/msg
-- Installing: /home/lyraglow/Projects/BikeDigitalTwin/install/user_defined_interfaces/include/user_defined_interfaces/user_defined_interfaces/msg/rosidl_typesupport_introspection_c__visibility_control.h
-- Up-to-date: /home/lyraglow/Projects/BikeDigitalTwin/install/user_defined_interfaces/include/user_defined_interfaces/user_defined_interfaces/msg/detail
-- Up-to-date: /home/lyraglow/Projects/BikeDigitalTwin/install/user_defined_interfaces/include/user_defined_interfaces/user_defined_interfaces/msg/detail/digital_state__type_support.c
-- Installing: /home/lyraglow/Projects/BikeDigitalTwin/install/user_defined_interfaces/include/user_defined_interfaces/user_defined_interfaces/msg/detail/digital_state__rosidl_typesupport_introspection_c.h
-- Installing: /home/lyraglow/Projects/BikeDigitalTwin/install/user_defined_interfaces/lib/libuser_defined_interfaces__rosidl_typesupport_introspection_c.so
-- Set non-toolchain portion of runtime path of "/home/lyraglow/Projects/BikeDigitalTwin/install/user_defined_interfaces/lib/libuser_defined_interfaces__rosidl_typesupport_introspection_c.so" to ""
-- Installing: /home/lyraglow/Projects/BikeDigitalTwin/install/user_defined_interfaces/lib/libuser_defined_interfaces__rosidl_typesupport_c.so
-- Set non-toolchain portion of runtime path of "/home/lyraglow/Projects/BikeDigitalTwin/install/user_defined_interfaces/lib/libuser_defined_interfaces__rosidl_typesupport_c.so" to ""
-- Up-to-date: /home/lyraglow/Projects/BikeDigitalTwin/install/user_defined_interfaces/include/user_defined_interfaces/user_defined_interfaces
-- Up-to-date: /home/lyraglow/Projects/BikeDigitalTwin/install/user_defined_interfaces/include/user_defined_interfaces/user_defined_interfaces/msg
-- Installing: /home/lyraglow/Projects/BikeDigitalTwin/install/user_defined_interfaces/include/user_defined_interfaces/user_defined_interfaces/msg/digital_state.hpp
-- Installing: /home/lyraglow/Projects/BikeDigitalTwin/install/user_defined_interfaces/include/user_defined_interfaces/user_defined_interfaces/msg/rosidl_generator_cpp__visibility_control.hpp
-- Up-to-date: /home/lyraglow/Projects/BikeDigitalTwin/install/user_defined_interfaces/include/user_defined_interfaces/user_defined_interfaces/msg/detail
-- Installing: /home/lyraglow/Projects/BikeDigitalTwin/install/user_defined_interfaces/include/user_defined_interfaces/user_defined_interfaces/msg/detail/digital_state__builder.hpp
-- Installing: /home/lyraglow/Projects/BikeDigitalTwin/install/user_defined_interfaces/include/user_defined_interfaces/user_defined_interfaces/msg/detail/digital_state__traits.hpp
-- Installing: /home/lyraglow/Projects/BikeDigitalTwin/install/user_defined_interfaces/include/user_defined_interfaces/user_defined_interfaces/msg/detail/digital_state__struct.hpp
-- Installing: /home/lyraglow/Projects/BikeDigitalTwin/install/user_defined_interfaces/include/user_defined_interfaces/user_defined_interfaces/msg/detail/digital_state__type_support.hpp
-- Up-to-date: /home/lyraglow/Projects/BikeDigitalTwin/install/user_defined_interfaces/include/user_defined_interfaces/user_defined_interfaces
-- Up-to-date: /home/lyraglow/Projects/BikeDigitalTwin/install/user_defined_interfaces/include/user_defined_interfaces/user_defined_interfaces/msg
-- Installing: /home/lyraglow/Projects/BikeDigitalTwin/install/user_defined_interfaces/include/user_defined_interfaces/user_defined_interfaces/msg/rosidl_typesupport_fastrtps_cpp__visibility_control.h
-- Up-to-date: /home/lyraglow/Projects/BikeDigitalTwin/install/user_defined_interfaces/include/user_defined_interfaces/user_defined_interfaces/msg/detail
-- Installing: /home/lyraglow/Projects/BikeDigitalTwin/install/user_defined_interfaces/include/user_defined_interfaces/user_defined_interfaces/msg/detail/digital_state__rosidl_typesupport_fastrtps_cpp.hpp
-- Installing: /home/lyraglow/Projects/BikeDigitalTwin/install/user_defined_interfaces/include/user_defined_interfaces/user_defined_interfaces/msg/detail/dds_fastrtps
-- Installing: /home/lyraglow/Projects/BikeDigitalTwin/install/user_defined_interfaces/lib/libuser_defined_interfaces__rosidl_typesupport_fastrtps_cpp.so
-- Set non-toolchain portion of runtime path of "/home/lyraglow/Projects/BikeDigitalTwin/install/user_defined_interfaces/lib/libuser_defined_interfaces__rosidl_typesupport_fastrtps_cpp.so" to ""
-- Up-to-date: /home/lyraglow/Projects/BikeDigitalTwin/install/user_defined_interfaces/include/user_defined_interfaces/user_defined_interfaces
-- Up-to-date: /home/lyraglow/Projects/BikeDigitalTwin/install/user_defined_interfaces/include/user_defined_interfaces/user_defined_interfaces/msg
-- Up-to-date: /home/lyraglow/Projects/BikeDigitalTwin/install/user_defined_interfaces/include/user_defined_interfaces/user_defined_interfaces/msg/detail
-- Installing: /home/lyraglow/Projects/BikeDigitalTwin/install/user_defined_interfaces/include/user_defined_interfaces/user_defined_interfaces/msg/detail/digital_state__type_support.cpp
-- Installing: /home/lyraglow/Projects/BikeDigitalTwin/install/user_defined_interfaces/include/user_defined_interfaces/user_defined_interfaces/msg/detail/digital_state__rosidl_typesupport_introspection_cpp.hpp
-- Installing: /home/lyraglow/Projects/BikeDigitalTwin/install/user_defined_interfaces/lib/libuser_defined_interfaces__rosidl_typesupport_introspection_cpp.so
-- Set non-toolchain portion of runtime path of "/home/lyraglow/Projects/BikeDigitalTwin/install/user_defined_interfaces/lib/libuser_defined_interfaces__rosidl_typesupport_introspection_cpp.so" to ""
-- Installing: /home/lyraglow/Projects/BikeDigitalTwin/install/user_defined_interfaces/lib/libuser_defined_interfaces__rosidl_typesupport_cpp.so
-- Set non-toolchain portion of runtime path of "/home/lyraglow/Projects/BikeDigitalTwin/install/user_defined_interfaces/lib/libuser_defined_interfaces__rosidl_typesupport_cpp.so" to ""
-- Installing: /home/lyraglow/Projects/BikeDigitalTwin/install/user_defined_interfaces/share/user_defined_interfaces/environment/pythonpath.sh
-- Installing: /home/lyraglow/Projects/BikeDigitalTwin/install/user_defined_interfaces/share/user_defined_interfaces/environment/pythonpath.dsv
-- Installing: /home/lyraglow/Projects/BikeDigitalTwin/install/user_defined_interfaces/lib/python3.14/site-packages/user_defined_interfaces/user_defined_interfaces_s__rosidl_typesupport_fastrtps_c.so
-- Set non-toolchain portion of runtime path of "/home/lyraglow/Projects/BikeDigitalTwin/install/user_defined_interfaces/lib/python3.14/site-packages/user_defined_interfaces/user_defined_interfaces_s__rosidl_typesupport_fastrtps_c.so" to ""
-- Installing: /home/lyraglow/Projects/BikeDigitalTwin/install/user_defined_interfaces/lib/python3.14/site-packages/user_defined_interfaces/user_defined_interfaces_s__rosidl_typesupport_introspection_c.so
-- Set non-toolchain portion of runtime path of "/home/lyraglow/Projects/BikeDigitalTwin/install/user_defined_interfaces/lib/python3.14/site-packages/user_defined_interfaces/user_defined_interfaces_s__rosidl_typesupport_introspection_c.so" to ""
-- Installing: /home/lyraglow/Projects/BikeDigitalTwin/install/user_defined_interfaces/lib/python3.14/site-packages/user_defined_interfaces/user_defined_interfaces_s__rosidl_typesupport_c.so
-- Set non-toolchain portion of runtime path of "/home/lyraglow/Projects/BikeDigitalTwin/install/user_defined_interfaces/lib/python3.14/site-packages/user_defined_interfaces/user_defined_interfaces_s__rosidl_typesupport_c.so" to ""
-- Installing: /home/lyraglow/Projects/BikeDigitalTwin/install/user_defined_interfaces/lib/libuser_defined_interfaces__rosidl_generator_py.so
-- Set non-toolchain portion of runtime path of "/home/lyraglow/Projects/BikeDigitalTwin/install/user_defined_interfaces/lib/libuser_defined_interfaces__rosidl_generator_py.so" to ""
-- Installing: /home/lyraglow/Projects/BikeDigitalTwin/install/user_defined_interfaces/share/ament_index/resource_index/rust_packages/user_defined_interfaces
-- Installing: /home/lyraglow/Projects/BikeDigitalTwin/install/user_defined_interfaces/share/user_defined_interfaces/rust
-- Installing: /home/lyraglow/Projects/BikeDigitalTwin/install/user_defined_interfaces/share/user_defined_interfaces/rust/src
-- Installing: /home/lyraglow/Projects/BikeDigitalTwin/install/user_defined_interfaces/share/user_defined_interfaces/rust/src/msg
-- Installing: /home/lyraglow/Projects/BikeDigitalTwin/install/user_defined_interfaces/share/user_defined_interfaces/rust/src/msg/rmw.rs
-- Installing: /home/lyraglow/Projects/BikeDigitalTwin/install/user_defined_interfaces/share/user_defined_interfaces/rust/src/msg.rs
-- Installing: /home/lyraglow/Projects/BikeDigitalTwin/install/user_defined_interfaces/share/user_defined_interfaces/rust/src/lib.rs
-- Installing: /home/lyraglow/Projects/BikeDigitalTwin/install/user_defined_interfaces/share/user_defined_interfaces/rust/build.rs
-- Installing: /home/lyraglow/Projects/BikeDigitalTwin/install/user_defined_interfaces/share/user_defined_interfaces/rust/Cargo.toml
-- Installing: /home/lyraglow/Projects/BikeDigitalTwin/install/user_defined_interfaces/share/user_defined_interfaces/msg/DigitalState.idl
-- Installing: /home/lyraglow/Projects/BikeDigitalTwin/install/user_defined_interfaces/share/user_defined_interfaces/msg/DigitalState.msg
-- Installing: /home/lyraglow/Projects/BikeDigitalTwin/install/user_defined_interfaces/share/ament_index/resource_index/package_run_dependencies/user_defined_interfaces
-- Installing: /home/lyraglow/Projects/BikeDigitalTwin/install/user_defined_interfaces/share/ament_index/resource_index/parent_prefix_path/user_defined_interfaces
-- Installing: /home/lyraglow/Projects/BikeDigitalTwin/install/user_defined_interfaces/share/user_defined_interfaces/environment/ament_prefix_path.sh
-- Installing: /home/lyraglow/Projects/BikeDigitalTwin/install/user_defined_interfaces/share/user_defined_interfaces/environment/ament_prefix_path.dsv
-- Installing: /home/lyraglow/Projects/BikeDigitalTwin/install/user_defined_interfaces/share/user_defined_interfaces/environment/path.sh
-- Installing: /home/lyraglow/Projects/BikeDigitalTwin/install/user_defined_interfaces/share/user_defined_interfaces/environment/path.dsv
-- Installing: /home/lyraglow/Projects/BikeDigitalTwin/install/user_defined_interfaces/share/user_defined_interfaces/local_setup.bash
-- Installing: /home/lyraglow/Projects/BikeDigitalTwin/install/user_defined_interfaces/share/user_defined_interfaces/local_setup.fish
-- Installing: /home/lyraglow/Projects/BikeDigitalTwin/install/user_defined_interfaces/share/user_defined_interfaces/local_setup.sh
-- Installing: /home/lyraglow/Projects/BikeDigitalTwin/install/user_defined_interfaces/share/user_defined_interfaces/local_setup.zsh
-- Installing: /home/lyraglow/Projects/BikeDigitalTwin/install/user_defined_interfaces/share/user_defined_interfaces/local_setup.dsv
-- Installing: /home/lyraglow/Projects/BikeDigitalTwin/install/user_defined_interfaces/share/user_defined_interfaces/package.dsv
-- Installing: /home/lyraglow/Projects/BikeDigitalTwin/install/user_defined_interfaces/share/ament_index/resource_index/packages/user_defined_interfaces
-- Installing: /home/lyraglow/Projects/BikeDigitalTwin/install/user_defined_interfaces/share/user_defined_interfaces/cmake/export_user_defined_interfaces__rosidl_generator_cExport.cmake
-- Installing: /home/lyraglow/Projects/BikeDigitalTwin/install/user_defined_interfaces/share/user_defined_interfaces/cmake/export_user_defined_interfaces__rosidl_generator_cExport-noconfig.cmake
-- Installing: /home/lyraglow/Projects/BikeDigitalTwin/install/user_defined_interfaces/share/user_defined_interfaces/cmake/export_user_defined_interfaces__rosidl_typesupport_fastrtps_cExport.cmake
-- Installing: /home/lyraglow/Projects/BikeDigitalTwin/install/user_defined_interfaces/share/user_defined_interfaces/cmake/export_user_defined_interfaces__rosidl_typesupport_fastrtps_cExport-noconfig.cmake
-- Installing: /home/lyraglow/Projects/BikeDigitalTwin/install/user_defined_interfaces/share/user_defined_interfaces/cmake/user_defined_interfaces__rosidl_typesupport_introspection_cExport.cmake
-- Installing: /home/lyraglow/Projects/BikeDigitalTwin/install/user_defined_interfaces/share/user_defined_interfaces/cmake/user_defined_interfaces__rosidl_typesupport_introspection_cExport-noconfig.cmake
-- Installing: /home/lyraglow/Projects/BikeDigitalTwin/install/user_defined_interfaces/share/user_defined_interfaces/cmake/user_defined_interfaces__rosidl_typesupport_cExport.cmake
-- Installing: /home/lyraglow/Projects/BikeDigitalTwin/install/user_defined_interfaces/share/user_defined_interfaces/cmake/user_defined_interfaces__rosidl_typesupport_cExport-noconfig.cmake
-- Installing: /home/lyraglow/Projects/BikeDigitalTwin/install/user_defined_interfaces/share/user_defined_interfaces/cmake/export_user_defined_interfaces__rosidl_generator_cppExport.cmake
-- Installing: /home/lyraglow/Projects/BikeDigitalTwin/install/user_defined_interfaces/share/user_defined_interfaces/cmake/export_user_defined_interfaces__rosidl_typesupport_fastrtps_cppExport.cmake
-- Installing: /home/lyraglow/Projects/BikeDigitalTwin/install/user_defined_interfaces/share/user_defined_interfaces/cmake/export_user_defined_interfaces__rosidl_typesupport_fastrtps_cppExport-noconfig.cmake
-- Installing: /home/lyraglow/Projects/BikeDigitalTwin/install/user_defined_interfaces/share/user_defined_interfaces/cmake/user_defined_interfaces__rosidl_typesupport_introspection_cppExport.cmake
-- Installing: /home/lyraglow/Projects/BikeDigitalTwin/install/user_defined_interfaces/share/user_defined_interfaces/cmake/user_defined_interfaces__rosidl_typesupport_introspection_cppExport-noconfig.cmake
-- Installing: /home/lyraglow/Projects/BikeDigitalTwin/install/user_defined_interfaces/share/user_defined_interfaces/cmake/user_defined_interfaces__rosidl_typesupport_cppExport.cmake
-- Installing: /home/lyraglow/Projects/BikeDigitalTwin/install/user_defined_interfaces/share/user_defined_interfaces/cmake/user_defined_interfaces__rosidl_typesupport_cppExport-noconfig.cmake
-- Installing: /home/lyraglow/Projects/BikeDigitalTwin/install/user_defined_interfaces/share/user_defined_interfaces/cmake/export_user_defined_interfaces__rosidl_generator_pyExport.cmake
-- Installing: /home/lyraglow/Projects/BikeDigitalTwin/install/user_defined_interfaces/share/user_defined_interfaces/cmake/export_user_defined_interfaces__rosidl_generator_pyExport-noconfig.cmake
-- Installing: /home/lyraglow/Projects/BikeDigitalTwin/install/user_defined_interfaces/lib/python3.14/site-packages/user_defined_interfaces-0.0.0-py3.14.egg-info
-- Installing: /home/lyraglow/Projects/BikeDigitalTwin/install/user_defined_interfaces/lib/python3.14/site-packages/user_defined_interfaces-0.0.0-py3.14.egg-info/SOURCES.txt
-- Installing: /home/lyraglow/Projects/BikeDigitalTwin/install/user_defined_interfaces/lib/python3.14/site-packages/user_defined_interfaces-0.0.0-py3.14.egg-info/dependency_links.txt
-- Installing: /home/lyraglow/Projects/BikeDigitalTwin/install/user_defined_interfaces/lib/python3.14/site-packages/user_defined_interfaces-0.0.0-py3.14.egg-info/PKG-INFO
-- Installing: /home/lyraglow/Projects/BikeDigitalTwin/install/user_defined_interfaces/lib/python3.14/site-packages/user_defined_interfaces-0.0.0-py3.14.egg-info/top_level.txt
-- Up-to-date: /home/lyraglow/Projects/BikeDigitalTwin/install/user_defined_interfaces/lib/python3.14/site-packages/user_defined_interfaces
-- Up-to-date: /home/lyraglow/Projects/BikeDigitalTwin/install/user_defined_interfaces/lib/python3.14/site-packages/user_defined_interfaces/user_defined_interfaces_s__rosidl_typesupport_introspection_c.so
-- Installing: /home/lyraglow/Projects/BikeDigitalTwin/install/user_defined_interfaces/lib/python3.14/site-packages/user_defined_interfaces/py.typed
-- Installing: /home/lyraglow/Projects/BikeDigitalTwin/install/user_defined_interfaces/lib/python3.14/site-packages/user_defined_interfaces/__init__.py
-- Up-to-date: /home/lyraglow/Projects/BikeDigitalTwin/install/user_defined_interfaces/lib/python3.14/site-packages/user_defined_interfaces/user_defined_interfaces_s__rosidl_typesupport_c.so
-- Installing: /home/lyraglow/Projects/BikeDigitalTwin/install/user_defined_interfaces/lib/python3.14/site-packages/user_defined_interfaces/msg
-- Installing: /home/lyraglow/Projects/BikeDigitalTwin/install/user_defined_interfaces/lib/python3.14/site-packages/user_defined_interfaces/msg/_digital_state_s.c
-- Installing: /home/lyraglow/Projects/BikeDigitalTwin/install/user_defined_interfaces/lib/python3.14/site-packages/user_defined_interfaces/msg/__init__.py
-- Installing: /home/lyraglow/Projects/BikeDigitalTwin/install/user_defined_interfaces/lib/python3.14/site-packages/user_defined_interfaces/msg/_digital_state.py
-- Up-to-date: /home/lyraglow/Projects/BikeDigitalTwin/install/user_defined_interfaces/lib/python3.14/site-packages/user_defined_interfaces/user_defined_interfaces_s__rosidl_typesupport_fastrtps_c.so
-- Installing: /home/lyraglow/Projects/BikeDigitalTwin/install/user_defined_interfaces/lib/python3.14/site-packages/user_defined_interfaces/_user_defined_interfaces_s.ep.rosidl_typesupport_fastrtps_c.c
-- Installing: /home/lyraglow/Projects/BikeDigitalTwin/install/user_defined_interfaces/lib/python3.14/site-packages/user_defined_interfaces/_user_defined_interfaces_s.ep.rosidl_typesupport_introspection_c.c
-- Installing: /home/lyraglow/Projects/BikeDigitalTwin/install/user_defined_interfaces/lib/python3.14/site-packages/user_defined_interfaces/_user_defined_interfaces_s.ep.rosidl_typesupport_c.c
Listing '/home/lyraglow/Projects/BikeDigitalTwin/install/user_defined_interfaces/lib/python3.14/site-packages/user_defined_interfaces'...
Compiling '/home/lyraglow/Projects/BikeDigitalTwin/install/user_defined_interfaces/lib/python3.14/site-packages/user_defined_interfaces/__init__.py'...
Listing '/home/lyraglow/Projects/BikeDigitalTwin/install/user_defined_interfaces/lib/python3.14/site-packages/user_defined_interfaces/msg'...
Compiling '/home/lyraglow/Projects/BikeDigitalTwin/install/user_defined_interfaces/lib/python3.14/site-packages/user_defined_interfaces/msg/__init__.py'...
Compiling '/home/lyraglow/Projects/BikeDigitalTwin/install/user_defined_interfaces/lib/python3.14/site-packages/user_defined_interfaces/msg/_digital_state.py'...
-- Installing: /home/lyraglow/Projects/BikeDigitalTwin/install/user_defined_interfaces/share/user_defined_interfaces/cmake/rosidl_cmake-extras.cmake
-- Installing: /home/lyraglow/Projects/BikeDigitalTwin/install/user_defined_interfaces/share/user_defined_interfaces/cmake/ament_cmake_export_dependencies-extras.cmake
-- Installing: /home/lyraglow/Projects/BikeDigitalTwin/install/user_defined_interfaces/share/user_defined_interfaces/cmake/ament_cmake_export_include_directories-extras.cmake
-- Installing: /home/lyraglow/Projects/BikeDigitalTwin/install/user_defined_interfaces/share/user_defined_interfaces/cmake/ament_cmake_export_libraries-extras.cmake
-- Installing: /home/lyraglow/Projects/BikeDigitalTwin/install/user_defined_interfaces/share/user_defined_interfaces/cmake/ament_cmake_export_targets-extras.cmake
-- Installing: /home/lyraglow/Projects/BikeDigitalTwin/install/user_defined_interfaces/share/user_defined_interfaces/cmake/rosidl_cmake_export_typesupport_targets-extras.cmake
-- Installing: /home/lyraglow/Projects/BikeDigitalTwin/install/user_defined_interfaces/share/user_defined_interfaces/cmake/rosidl_cmake_export_typesupport_libraries-extras.cmake
-- Installing: /home/lyraglow/Projects/BikeDigitalTwin/install/user_defined_interfaces/share/user_defined_interfaces/cmake/rosidl_cmake_aggregate_target-extras.cmake
-- Installing: /home/lyraglow/Projects/BikeDigitalTwin/install/user_defined_interfaces/share/user_defined_interfaces/cmake/user_defined_interfacesConfig.cmake
-- Installing: /home/lyraglow/Projects/BikeDigitalTwin/install/user_defined_interfaces/share/user_defined_interfaces/cmake/user_defined_interfacesConfig-version.cmake
-- Installing: /home/lyraglow/Projects/BikeDigitalTwin/install/user_defined_interfaces/share/user_defined_interfaces/package.xml
